[cache] data_root = /root/data/FaceForensics++
[cache] variant = heuristic
[cache] image_size = 256
[cache] device = cpu
[cache] dataset has 50000 frames
[cache] 0 frames already cached, 50000 new to process
[cache] threading: 4 python worker threads x rayon (RAYON_NUM_THREADS=default=all-cores)
  [25/50000] 14.63 img/s ETA 3416s
  [50/50000] 16.39 img/s ETA 3047s
  [75/50000] 17.30 img/s ETA 2885s
  [100/50000] 17.27 img/s ETA 2889s
  [125/50000] 18.24 img/s ETA 2735s
  [150/50000] 18.91 img/s ETA 2636s
  [175/50000] 19.40 img/s ETA 2568s
  [200/50000] 19.99 img/s ETA 2491s
  [225/50000] 19.33 img/s ETA 2575s
  [250/50000] 19.33 img/s ETA 2574s
  [275/50000] 19.62 img/s ETA 2535s
  [300/50000] 18.94 img/s ETA 2624s
  [325/50000] 17.05 img/s ETA 2913s
  [350/50000] 16.48 img/s ETA 3012s
  [375/50000] 16.60 img/s ETA 2990s
  [400/50000] 16.86 img/s ETA 2942s
  [425/50000] 17.10 img/s ETA 2898s
  [450/50000] 17.21 img/s ETA 2879s
  [475/50000] 17.42 img/s ETA 2843s
  [500/50000] 17.57 img/s ETA 2818s
  [525/50000] 17.58 img/s ETA 2815s
  [550/50000] 17.34 img/s ETA 2851s
  [575/50000] 17.35 img/s ETA 2849s
  [600/50000] 17.56 img/s ETA 2813s
  [625/50000] 17.70 img/s ETA 2789s
  [650/50000] 17.94 img/s ETA 2751s
  [675/50000] 18.05 img/s ETA 2732s
  [700/50000] 18.07 img/s ETA 2728s
  [725/50000] 18.22 img/s ETA 2704s
  [750/50000] 18.19 img/s ETA 2708s
  [775/50000] 18.03 img/s ETA 2730s
  [800/50000] 17.71 img/s ETA 2778s
  [825/50000] 17.82 img/s ETA 2759s
  [850/50000] 17.55 img/s ETA 2800s
  [875/50000] 17.65 img/s ETA 2784s
  [900/50000] 17.73 img/s ETA 2769s
  [925/50000] 17.81 img/s ETA 2755s
  [950/50000] 17.92 img/s ETA 2737s
  [975/50000] 18.05 img/s ETA 2717s
  [1000/50000] 18.16 img/s ETA 2698s
  [1025/50000] 18.24 img/s ETA 2685s
  [1050/50000] 18.11 img/s ETA 2703s
  [1075/50000] 18.25 img/s ETA 2681s
  [1100/50000] 18.21 img/s ETA 2686s
  [1125/50000] 18.27 img/s ETA 2676s
  [1150/50000] 18.36 img/s ETA 2661s
  [1175/50000] 18.43 img/s ETA 2649s
  [1200/50000] 18.45 img/s ETA 2644s
  [1225/50000] 18.28 img/s ETA 2668s
  [1250/50000] 18.28 img/s ETA 2667s
  [1275/50000] 18.31 img/s ETA 2660s
  [1300/50000] 18.30 img/s ETA 2662s
  [1325/50000] 18.33 img/s ETA 2656s
  [1350/50000] 18.37 img/s ETA 2649s
  [1375/50000] 18.35 img/s ETA 2651s
  [1400/50000] 18.35 img/s ETA 2649s
  [1425/50000] 18.26 img/s ETA 2660s
  [1450/50000] 18.28 img/s ETA 2656s
  [1475/50000] 18.36 img/s ETA 2643s
  [1500/50000] 18.46 img/s ETA 2628s
  [1525/50000] 18.49 img/s ETA 2622s
  [1550/50000] 18.53 img/s ETA 2614s
  [1575/50000] 18.60 img/s ETA 2604s
  [1600/50000] 18.66 img/s ETA 2593s
  [1625/50000] 18.54 img/s ETA 2610s
  [1650/50000] 18.54 img/s ETA 2608s
  [1675/50000] 18.57 img/s ETA 2602s
  [1700/50000] 18.51 img/s ETA 2610s
  [1725/50000] 18.59 img/s ETA 2597s
  [1750/50000] 18.67 img/s ETA 2584s
  [1775/50000] 18.63 img/s ETA 2589s
  [1800/50000] 18.70 img/s ETA 2578s
  [1825/50000] 18.72 img/s ETA 2574s
  [1850/50000] 18.63 img/s ETA 2585s
  [1875/50000] 18.66 img/s ETA 2579s
  [1900/50000] 18.69 img/s ETA 2573s
  [1925/50000] 18.71 img/s ETA 2569s
  [1950/50000] 18.70 img/s ETA 2569s
  [1975/50000] 18.74 img/s ETA 2562s
  [2000/50000] 18.80 img/s ETA 2553s
  [2025/50000] 18.85 img/s ETA 2545s
  [2050/50000] 18.80 img/s ETA 2550s
  [2075/50000] 18.69 img/s ETA 2564s
  [2100/50000] 18.72 img/s ETA 2559s
  [2125/50000] 18.77 img/s ETA 2550s
  [2150/50000] 18.79 img/s ETA 2546s
  [2175/50000] 18.82 img/s ETA 2541s
  [2200/50000] 18.87 img/s ETA 2533s
  [2225/50000] 18.90 img/s ETA 2528s
  [2250/50000] 18.92 img/s ETA 2524s
  [2275/50000] 18.85 img/s ETA 2532s
  [2300/50000] 18.89 img/s ETA 2526s
  [2325/50000] 18.87 img/s ETA 2526s
  [2350/50000] 18.94 img/s ETA 2516s
  [2375/50000] 18.99 img/s ETA 2508s
  [2400/50000] 19.00 img/s ETA 2505s
  [2425/50000] 19.03 img/s ETA 2500s
  [2450/50000] 19.07 img/s ETA 2493s
  [2475/50000] 19.07 img/s ETA 2492s
  [2500/50000] 19.10 img/s ETA 2487s
  [2525/50000] 18.95 img/s ETA 2506s
  [2550/50000] 19.00 img/s ETA 2497s
  [2575/50000] 19.05 img/s ETA 2489s
  [2600/50000] 19.08 img/s ETA 2484s
  [2625/50000] 19.00 img/s ETA 2493s
  [2650/50000] 19.03 img/s ETA 2488s
  [2675/50000] 19.07 img/s ETA 2481s
  [2700/50000] 19.08 img/s ETA 2479s
  [2725/50000] 19.08 img/s ETA 2478s
  [2750/50000] 19.00 img/s ETA 2487s
  [2775/50000] 18.98 img/s ETA 2489s
  [2800/50000] 18.98 img/s ETA 2487s
  [2825/50000] 18.96 img/s ETA 2488s
  [2850/50000] 18.99 img/s ETA 2483s
  [2875/50000] 18.99 img/s ETA 2481s
  [2900/50000] 19.03 img/s ETA 2475s
  [2925/50000] 18.93 img/s ETA 2487s
  [2950/50000] 18.88 img/s ETA 2492s
  [2975/50000] 18.90 img/s ETA 2488s
  [3000/50000] 18.93 img/s ETA 2482s
  [3025/50000] 18.95 img/s ETA 2478s
  [3050/50000] 18.97 img/s ETA 2475s
  [3075/50000] 19.02 img/s ETA 2467s
  [3100/50000] 18.93 img/s ETA 2478s
  [3125/50000] 18.96 img/s ETA 2472s
  [3150/50000] 18.99 img/s ETA 2468s
  [3175/50000] 18.94 img/s ETA 2472s
  [3200/50000] 18.96 img/s ETA 2468s
  [3225/50000] 18.88 img/s ETA 2477s
  [3250/50000] 18.84 img/s ETA 2481s
  [3275/50000] 18.86 img/s ETA 2477s
  [3300/50000] 18.81 img/s ETA 2483s
  [3325/50000] 18.84 img/s ETA 2478s
  [3350/50000] 18.86 img/s ETA 2473s
  [3375/50000] 18.83 img/s ETA 2476s
  [3400/50000] 18.78 img/s ETA 2482s
  [3425/50000] 18.73 img/s ETA 2487s
  [3450/50000] 18.71 img/s ETA 2488s
  [3475/50000] 18.73 img/s ETA 2483s
  [3500/50000] 18.77 img/s ETA 2477s
  [3525/50000] 18.79 img/s ETA 2473s
  [3550/50000] 18.81 img/s ETA 2469s
  [3575/50000] 18.84 img/s ETA 2464s
  [3600/50000] 18.86 img/s ETA 2460s
  [3625/50000] 18.86 img/s ETA 2459s
  [3650/50000] 18.88 img/s ETA 2455s
  [3675/50000] 18.87 img/s ETA 2454s
  [3700/50000] 18.91 img/s ETA 2449s
  [3725/50000] 18.92 img/s ETA 2445s
  [3750/50000] 18.96 img/s ETA 2439s
  [3775/50000] 18.98 img/s ETA 2436s
  [3800/50000] 18.92 img/s ETA 2442s
  [3825/50000] 18.93 img/s ETA 2439s
  [3850/50000] 18.96 img/s ETA 2435s
  [3875/50000] 18.99 img/s ETA 2429s
  [3900/50000] 18.94 img/s ETA 2434s
  [3925/50000] 18.95 img/s ETA 2432s
  [3950/50000] 18.97 img/s ETA 2427s
  [3975/50000] 18.90 img/s ETA 2435s
  [4000/50000] 18.89 img/s ETA 2435s
  [4025/50000] 18.86 img/s ETA 2438s
  [4050/50000] 18.88 img/s ETA 2433s
  [4075/50000] 18.90 img/s ETA 2429s
  [4100/50000] 18.89 img/s ETA 2430s
  [4125/50000] 18.89 img/s ETA 2428s
  [4150/50000] 18.90 img/s ETA 2427s
  [4175/50000] 18.89 img/s ETA 2427s
  [4200/50000] 18.88 img/s ETA 2426s
  [4225/50000] 18.88 img/s ETA 2425s
  [4250/50000] 18.87 img/s ETA 2424s
  [4275/50000] 18.89 img/s ETA 2420s
  [4300/50000] 18.84 img/s ETA 2425s
  [4325/50000] 18.86 img/s ETA 2421s
  [4350/50000] 18.86 img/s ETA 2421s
  [4375/50000] 18.85 img/s ETA 2421s
  [4400/50000] 18.88 img/s ETA 2416s
  [4425/50000] 18.90 img/s ETA 2411s
  [4450/50000] 18.93 img/s ETA 2407s
  [4475/50000] 18.95 img/s ETA 2402s
  [4500/50000] 18.97 img/s ETA 2399s
  [4525/50000] 19.00 img/s ETA 2393s
  [4550/50000] 18.97 img/s ETA 2395s
  [4575/50000] 18.97 img/s ETA 2394s
  [4600/50000] 18.98 img/s ETA 2392s
  [4625/50000] 18.98 img/s ETA 2391s
  [4650/50000] 18.98 img/s ETA 2390s
  [4675/50000] 18.99 img/s ETA 2386s
  [4700/50000] 18.97 img/s ETA 2388s
  [4725/50000] 18.98 img/s ETA 2385s
  [4750/50000] 19.00 img/s ETA 2382s
  [4775/50000] 19.00 img/s ETA 2380s
  [4800/50000] 19.01 img/s ETA 2378s
  [4825/50000] 18.99 img/s ETA 2379s
  [4850/50000] 18.98 img/s ETA 2379s
  [4875/50000] 18.97 img/s ETA 2379s
  [4900/50000] 18.93 img/s ETA 2383s
  [4925/50000] 18.95 img/s ETA 2378s
  [4950/50000] 18.98 img/s ETA 2374s
  [4975/50000] 18.93 img/s ETA 2379s
  [5000/50000] 18.93 img/s ETA 2377s
  [5025/50000] 18.94 img/s ETA 2374s
  [5050/50000] 18.95 img/s ETA 2372s
  [5075/50000] 18.96 img/s ETA 2369s
  [5100/50000] 18.91 img/s ETA 2374s
  [5125/50000] 18.92 img/s ETA 2372s
  [5150/50000] 18.95 img/s ETA 2367s
  [5175/50000] 18.96 img/s ETA 2364s
  [5200/50000] 18.98 img/s ETA 2361s
  [5225/50000] 18.97 img/s ETA 2360s
  [5250/50000] 19.00 img/s ETA 2355s
  [5275/50000] 19.01 img/s ETA 2352s
  [5300/50000] 19.03 img/s ETA 2349s
  [5325/50000] 19.02 img/s ETA 2348s
  [5350/50000] 19.01 img/s ETA 2349s
  [5375/50000] 18.97 img/s ETA 2352s
  [5400/50000] 18.96 img/s ETA 2352s
  [5425/50000] 18.97 img/s ETA 2350s
  [5450/50000] 18.97 img/s ETA 2348s
  [5475/50000] 18.95 img/s ETA 2349s
  [5500/50000] 18.97 img/s ETA 2346s
  [5525/50000] 18.97 img/s ETA 2344s
  [5550/50000] 19.00 img/s ETA 2339s
  [5575/50000] 19.00 img/s ETA 2338s
  [5600/50000] 19.02 img/s ETA 2335s
  [5625/50000] 19.01 img/s ETA 2334s
  [5650/50000] 19.02 img/s ETA 2332s
  [5675/50000] 19.01 img/s ETA 2332s
  [5700/50000] 18.99 img/s ETA 2333s
  [5725/50000] 19.00 img/s ETA 2331s
  [5750/50000] 19.00 img/s ETA 2329s
  [5775/50000] 18.98 img/s ETA 2330s
  [5800/50000] 18.99 img/s ETA 2327s
  [5825/50000] 19.01 img/s ETA 2324s
  [5850/50000] 18.97 img/s ETA 2327s
  [5875/50000] 18.96 img/s ETA 2327s
  [5900/50000] 18.96 img/s ETA 2326s
  [5925/50000] 18.91 img/s ETA 2330s
  [5950/50000] 18.91 img/s ETA 2329s
  [5975/50000] 18.92 img/s ETA 2327s
  [6000/50000] 18.92 img/s ETA 2325s
  [6025/50000] 18.94 img/s ETA 2321s
  [6050/50000] 18.94 img/s ETA 2320s
  [6075/50000] 18.96 img/s ETA 2317s
  [6100/50000] 18.96 img/s ETA 2315s
  [6125/50000] 18.95 img/s ETA 2316s
  [6150/50000] 18.95 img/s ETA 2314s
  [6175/50000] 18.96 img/s ETA 2312s
  [6200/50000] 18.97 img/s ETA 2309s
  [6225/50000] 18.97 img/s ETA 2307s
  [6250/50000] 18.96 img/s ETA 2308s
  [6275/50000] 18.97 img/s ETA 2306s
  [6300/50000] 18.92 img/s ETA 2310s
  [6325/50000] 18.92 img/s ETA 2309s
  [6350/50000] 18.92 img/s ETA 2307s
  [6375/50000] 18.93 img/s ETA 2304s
  [6400/50000] 18.92 img/s ETA 2304s
  [6425/50000] 18.94 img/s ETA 2301s
  [6450/50000] 18.91 img/s ETA 2302s
  [6475/50000] 18.93 img/s ETA 2299s
  [6500/50000] 18.94 img/s ETA 2297s
  [6525/50000] 18.92 img/s ETA 2298s
  [6550/50000] 18.90 img/s ETA 2298s
  [6575/50000] 18.92 img/s ETA 2295s
  [6600/50000] 18.94 img/s ETA 2292s
  [6625/50000] 18.92 img/s ETA 2293s
  [6650/50000] 18.87 img/s ETA 2297s
  [6675/50000] 18.88 img/s ETA 2295s
  [6700/50000] 18.88 img/s ETA 2293s
  [6725/50000] 18.87 img/s ETA 2293s
  [6750/50000] 18.88 img/s ETA 2290s
  [6775/50000] 18.90 img/s ETA 2287s
  [6800/50000] 18.91 img/s ETA 2285s
  [6825/50000] 18.91 img/s ETA 2283s
  [6850/50000] 18.92 img/s ETA 2281s
  [6875/50000] 18.92 img/s ETA 2280s
  [6900/50000] 18.93 img/s ETA 2277s
  [6925/50000] 18.93 img/s ETA 2276s
  [6950/50000] 18.93 img/s ETA 2275s
  [6975/50000] 18.93 img/s ETA 2273s
  [7000/50000] 18.93 img/s ETA 2272s
  [7025/50000] 18.94 img/s ETA 2269s
  [7050/50000] 18.94 img/s ETA 2268s
  [7075/50000] 18.92 img/s ETA 2269s
  [7100/50000] 18.89 img/s ETA 2272s
  [7125/50000] 18.87 img/s ETA 2272s
  [7150/50000] 18.88 img/s ETA 2270s
  [7175/50000] 18.88 img/s ETA 2268s
  [7200/50000] 18.90 img/s ETA 2265s
  [7225/50000] 18.90 img/s ETA 2263s
  [7250/50000] 18.88 img/s ETA 2264s
  [7275/50000] 18.89 img/s ETA 2262s
  [7300/50000] 18.90 img/s ETA 2259s
  [7325/50000] 18.92 img/s ETA 2256s
  [7350/50000] 18.89 img/s ETA 2258s
  [7375/50000] 18.87 img/s ETA 2259s
  [7400/50000] 18.88 img/s ETA 2256s
  [7425/50000] 18.89 img/s ETA 2254s
  [7450/50000] 18.87 img/s ETA 2255s
  [7475/50000] 18.85 img/s ETA 2256s
  [7500/50000] 18.83 img/s ETA 2257s
  [7525/50000] 18.78 img/s ETA 2262s
  [7550/50000] 18.78 img/s ETA 2261s
  [7575/50000] 18.79 img/s ETA 2258s
  [7600/50000] 18.79 img/s ETA 2257s
  [7625/50000] 18.79 img/s ETA 2255s
  [7650/50000] 18.79 img/s ETA 2254s
  [7675/50000] 18.80 img/s ETA 2252s
  [7700/50000] 18.77 img/s ETA 2254s
  [7725/50000] 18.78 img/s ETA 2251s
  [7750/50000] 18.78 img/s ETA 2250s
  [7775/50000] 18.79 img/s ETA 2247s
  [7800/50000] 18.80 img/s ETA 2244s
  [7825/50000] 18.82 img/s ETA 2241s
  [7850/50000] 18.81 img/s ETA 2241s
  [7875/50000] 18.80 img/s ETA 2240s
  [7900/50000] 18.80 img/s ETA 2239s
  [7925/50000] 18.82 img/s ETA 2236s
  [7950/50000] 18.83 img/s ETA 2234s
  [7975/50000] 18.84 img/s ETA 2231s
  [8000/50000] 18.83 img/s ETA 2230s
  [8025/50000] 18.84 img/s ETA 2227s
  [8050/50000] 18.85 img/s ETA 2225s
  [8075/50000] 18.86 img/s ETA 2223s
  [8100/50000] 18.87 img/s ETA 2221s
  [8125/50000] 18.88 img/s ETA 2218s
  [8150/50000] 18.88 img/s ETA 2217s
  [8175/50000] 18.88 img/s ETA 2215s
  [8200/50000] 18.88 img/s ETA 2214s
  [8225/50000] 18.87 img/s ETA 2213s
  [8250/50000] 18.89 img/s ETA 2211s
  [8275/50000] 18.86 img/s ETA 2212s
  [8300/50000] 18.87 img/s ETA 2210s
  [8325/50000] 18.85 img/s ETA 2211s
  [8350/50000] 18.86 img/s ETA 2208s
  [8375/50000] 18.84 img/s ETA 2210s
  [8400/50000] 18.83 img/s ETA 2209s
  [8425/50000] 18.84 img/s ETA 2207s
  [8450/50000] 18.83 img/s ETA 2207s
  [8475/50000] 18.84 img/s ETA 2204s
  [8500/50000] 18.83 img/s ETA 2203s
  [8525/50000] 18.85 img/s ETA 2201s
  [8550/50000] 18.84 img/s ETA 2200s
  [8575/50000] 18.82 img/s ETA 2201s
  [8600/50000] 18.81 img/s ETA 2201s
  [8625/50000] 18.80 img/s ETA 2201s
  [8650/50000] 18.77 img/s ETA 2203s
  [8675/50000] 18.77 img/s ETA 2202s
  [8700/50000] 18.78 img/s ETA 2200s
  [8725/50000] 18.79 img/s ETA 2197s
  [8750/50000] 18.80 img/s ETA 2194s
  [8775/50000] 18.81 img/s ETA 2191s
  [8800/50000] 18.81 img/s ETA 2190s
  [8825/50000] 18.82 img/s ETA 2188s
  [8850/50000] 18.82 img/s ETA 2186s
  [8875/50000] 18.81 img/s ETA 2186s
  [8900/50000] 18.82 img/s ETA 2184s
  [8925/50000] 18.83 img/s ETA 2182s
  [8950/50000] 18.83 img/s ETA 2180s
  [8975/50000] 18.84 img/s ETA 2178s
  [9000/50000] 18.85 img/s ETA 2175s
  [9025/50000] 18.86 img/s ETA 2173s
  [9050/50000] 18.85 img/s ETA 2172s
  [9075/50000] 18.85 img/s ETA 2171s
  [9100/50000] 18.85 img/s ETA 2169s
  [9125/50000] 18.85 img/s ETA 2168s
  [9150/50000] 18.87 img/s ETA 2165s
  [9175/50000] 18.87 img/s ETA 2163s
  [9200/50000] 18.88 img/s ETA 2161s
  [9225/50000] 18.89 img/s ETA 2158s
  [9250/50000] 18.90 img/s ETA 2156s
  [9275/50000] 18.90 img/s ETA 2155s
  [9300/50000] 18.89 img/s ETA 2155s
  [9325/50000] 18.89 img/s ETA 2153s
  [9350/50000] 18.89 img/s ETA 2152s
  [9375/50000] 18.90 img/s ETA 2150s
  [9400/50000] 18.90 img/s ETA 2148s
  [9425/50000] 18.91 img/s ETA 2146s
  [9450/50000] 18.88 img/s ETA 2148s
  [9475/50000] 18.88 img/s ETA 2147s
  [9500/50000] 18.87 img/s ETA 2147s
  [9525/50000] 18.83 img/s ETA 2149s
  [9550/50000] 18.84 img/s ETA 2147s
  [9575/50000] 18.82 img/s ETA 2148s
  [9600/50000] 18.81 img/s ETA 2148s
  [9625/50000] 18.81 img/s ETA 2146s
  [9650/50000] 18.82 img/s ETA 2144s
  [9675/50000] 18.82 img/s ETA 2142s
  [9700/50000] 18.83 img/s ETA 2140s
  [9725/50000] 18.84 img/s ETA 2138s
  [9750/50000] 18.85 img/s ETA 2136s
  [9775/50000] 18.85 img/s ETA 2134s
  [9800/50000] 18.86 img/s ETA 2132s
  [9825/50000] 18.87 img/s ETA 2129s
  [9850/50000] 18.87 img/s ETA 2127s
  [9875/50000] 18.88 img/s ETA 2125s
  [9900/50000] 18.89 img/s ETA 2122s
  [9925/50000] 18.89 img/s ETA 2121s
  [9950/50000] 18.90 img/s ETA 2119s
  [9975/50000] 18.90 img/s ETA 2118s
  [10000/50000] 18.90 img/s ETA 2116s
  [10025/50000] 18.91 img/s ETA 2114s
  [10050/50000] 18.91 img/s ETA 2112s
  [10075/50000] 18.91 img/s ETA 2111s
  [10100/50000] 18.91 img/s ETA 2110s
  [10125/50000] 18.92 img/s ETA 2108s
  [10150/50000] 18.93 img/s ETA 2105s
  [10175/50000] 18.94 img/s ETA 2103s
  [10200/50000] 18.96 img/s ETA 2100s
  [10225/50000] 18.94 img/s ETA 2100s
  [10250/50000] 18.94 img/s ETA 2098s
  [10275/50000] 18.95 img/s ETA 2096s
  [10300/50000] 18.95 img/s ETA 2095s
  [10325/50000] 18.89 img/s ETA 2101s
  [10350/50000] 18.87 img/s ETA 2102s
  [10375/50000] 18.87 img/s ETA 2100s
  [10400/50000] 18.87 img/s ETA 2098s
  [10425/50000] 18.88 img/s ETA 2096s
  [10450/50000] 18.88 img/s ETA 2094s
  [10475/50000] 18.89 img/s ETA 2092s
  [10500/50000] 18.90 img/s ETA 2090s
  [10525/50000] 18.89 img/s ETA 2089s
  [10550/50000] 18.88 img/s ETA 2089s
  [10575/50000] 18.88 img/s ETA 2089s
  [10600/50000] 18.89 img/s ETA 2086s
  [10625/50000] 18.90 img/s ETA 2084s
  [10650/50000] 18.91 img/s ETA 2081s
  [10675/50000] 18.92 img/s ETA 2079s
  [10700/50000] 18.92 img/s ETA 2078s
  [10725/50000] 18.93 img/s ETA 2075s
  [10750/50000] 18.93 img/s ETA 2074s
  [10775/50000] 18.91 img/s ETA 2074s
  [10800/50000] 18.88 img/s ETA 2076s
  [10825/50000] 18.89 img/s ETA 2074s
  [10850/50000] 18.86 img/s ETA 2076s
  [10875/50000] 18.87 img/s ETA 2074s
  [10900/50000] 18.87 img/s ETA 2072s
  [10925/50000] 18.88 img/s ETA 2070s
  [10950/50000] 18.89 img/s ETA 2068s
  [10975/50000] 18.90 img/s ETA 2065s
  [11000/50000] 18.91 img/s ETA 2063s
  [11025/50000] 18.92 img/s ETA 2060s
  [11050/50000] 18.91 img/s ETA 2060s
  [11075/50000] 18.93 img/s ETA 2056s
  [11100/50000] 18.93 img/s ETA 2055s
  [11125/50000] 18.92 img/s ETA 2054s
  [11150/50000] 18.93 img/s ETA 2052s
  [11175/50000] 18.93 img/s ETA 2051s
  [11200/50000] 18.94 img/s ETA 2049s
  [11225/50000] 18.91 img/s ETA 2050s
  [11250/50000] 18.92 img/s ETA 2048s
  [11275/50000] 18.92 img/s ETA 2047s
  [11300/50000] 18.92 img/s ETA 2045s
  [11325/50000] 18.92 img/s ETA 2044s
  [11350/50000] 18.93 img/s ETA 2042s
  [11375/50000] 18.92 img/s ETA 2042s
  [11400/50000] 18.92 img/s ETA 2041s
  [11425/50000] 18.91 img/s ETA 2040s
  [11450/50000] 18.90 img/s ETA 2039s
  [11475/50000] 18.91 img/s ETA 2037s
  [11500/50000] 18.92 img/s ETA 2035s
  [11525/50000] 18.93 img/s ETA 2033s
  [11550/50000] 18.93 img/s ETA 2032s
  [11575/50000] 18.94 img/s ETA 2029s
  [11600/50000] 18.95 img/s ETA 2027s
  [11625/50000] 18.93 img/s ETA 2028s
  [11650/50000] 18.93 img/s ETA 2026s
  [11675/50000] 18.93 img/s ETA 2025s
  [11700/50000] 18.92 img/s ETA 2024s
  [11725/50000] 18.93 img/s ETA 2022s
  [11750/50000] 18.94 img/s ETA 2019s
  [11775/50000] 18.94 img/s ETA 2019s
  [11800/50000] 18.95 img/s ETA 2016s
  [11825/50000] 18.95 img/s ETA 2015s
  [11850/50000] 18.94 img/s ETA 2015s
  [11875/50000] 18.94 img/s ETA 2013s
  [11900/50000] 18.95 img/s ETA 2011s
  [11925/50000] 18.93 img/s ETA 2012s
  [11950/50000] 18.93 img/s ETA 2010s
  [11975/50000] 18.93 img/s ETA 2008s
  [12000/50000] 18.94 img/s ETA 2006s
  [12025/50000] 18.95 img/s ETA 2004s
  [12050/50000] 18.94 img/s ETA 2003s
  [12075/50000] 18.93 img/s ETA 2004s
  [12100/50000] 18.93 img/s ETA 2002s
  [12125/50000] 18.94 img/s ETA 2000s
  [12150/50000] 18.94 img/s ETA 1998s
  [12175/50000] 18.95 img/s ETA 1996s
  [12200/50000] 18.96 img/s ETA 1994s
  [12225/50000] 18.96 img/s ETA 1992s
  [12250/50000] 18.97 img/s ETA 1990s
  [12275/50000] 18.96 img/s ETA 1990s
  [12300/50000] 18.96 img/s ETA 1988s
  [12325/50000] 18.96 img/s ETA 1987s
  [12350/50000] 18.97 img/s ETA 1985s
  [12375/50000] 18.98 img/s ETA 1982s
  [12400/50000] 18.99 img/s ETA 1980s
  [12425/50000] 18.99 img/s ETA 1979s
  [12450/50000] 19.00 img/s ETA 1976s
  [12475/50000] 18.99 img/s ETA 1976s
  [12500/50000] 19.00 img/s ETA 1974s
  [12525/50000] 18.97 img/s ETA 1976s
  [12550/50000] 18.98 img/s ETA 1973s
  [12575/50000] 18.99 img/s ETA 1971s
  [12600/50000] 19.00 img/s ETA 1969s
  [12625/50000] 18.98 img/s ETA 1969s
  [12650/50000] 18.99 img/s ETA 1967s
  [12675/50000] 18.99 img/s ETA 1965s
  [12700/50000] 19.00 img/s ETA 1963s
  [12725/50000] 19.00 img/s ETA 1962s
  [12750/50000] 18.98 img/s ETA 1962s
  [12775/50000] 18.98 img/s ETA 1961s
  [12800/50000] 18.98 img/s ETA 1960s
  [12825/50000] 18.97 img/s ETA 1960s
  [12850/50000] 18.97 img/s ETA 1958s
  [12875/50000] 18.97 img/s ETA 1957s
  [12900/50000] 18.98 img/s ETA 1955s
  [12925/50000] 18.96 img/s ETA 1956s
  [12950/50000] 18.95 img/s ETA 1955s
  [12975/50000] 18.95 img/s ETA 1954s
  [13000/50000] 18.96 img/s ETA 1951s
  [13025/50000] 18.96 img/s ETA 1950s
  [13050/50000] 18.97 img/s ETA 1948s
  [13075/50000] 18.98 img/s ETA 1945s
  [13100/50000] 18.96 img/s ETA 1946s
  [13125/50000] 18.97 img/s ETA 1944s
  [13150/50000] 18.97 img/s ETA 1942s
  [13175/50000] 18.95 img/s ETA 1943s
  [13200/50000] 18.96 img/s ETA 1941s
  [13225/50000] 18.94 img/s ETA 1942s
  [13250/50000] 18.93 img/s ETA 1941s
  [13275/50000] 18.94 img/s ETA 1940s
  [13300/50000] 18.92 img/s ETA 1940s
  [13325/50000] 18.92 img/s ETA 1938s
  [13350/50000] 18.93 img/s ETA 1936s
  [13375/50000] 18.92 img/s ETA 1936s
  [13400/50000] 18.91 img/s ETA 1935s
  [13425/50000] 18.90 img/s ETA 1935s
  [13450/50000] 18.88 img/s ETA 1936s
  [13475/50000] 18.88 img/s ETA 1934s
  [13500/50000] 18.90 img/s ETA 1932s
  [13525/50000] 18.90 img/s ETA 1930s
  [13550/50000] 18.91 img/s ETA 1928s
  [13575/50000] 18.91 img/s ETA 1926s
  [13600/50000] 18.92 img/s ETA 1924s
  [13625/50000] 18.91 img/s ETA 1923s
  [13650/50000] 18.92 img/s ETA 1921s
  [13675/50000] 18.91 img/s ETA 1921s
  [13700/50000] 18.92 img/s ETA 1919s
  [13725/50000] 18.92 img/s ETA 1917s
  [13750/50000] 18.93 img/s ETA 1915s
  [13775/50000] 18.93 img/s ETA 1913s
  [13800/50000] 18.92 img/s ETA 1913s
  [13825/50000] 18.92 img/s ETA 1912s
  [13850/50000] 18.93 img/s ETA 1910s
  [13875/50000] 18.94 img/s ETA 1908s
  [13900/50000] 18.92 img/s ETA 1908s
  [13925/50000] 18.92 img/s ETA 1906s
  [13950/50000] 18.93 img/s ETA 1904s
  [13975/50000] 18.91 img/s ETA 1905s
  [14000/50000] 18.91 img/s ETA 1904s
  [14025/50000] 18.90 img/s ETA 1904s
  [14050/50000] 18.90 img/s ETA 1902s
  [14075/50000] 18.91 img/s ETA 1900s
  [14100/50000] 18.90 img/s ETA 1899s
  [14125/50000] 18.90 img/s ETA 1898s
  [14150/50000] 18.91 img/s ETA 1896s
  [14175/50000] 18.90 img/s ETA 1895s
  [14200/50000] 18.90 img/s ETA 1894s
  [14225/50000] 18.90 img/s ETA 1893s
  [14250/50000] 18.89 img/s ETA 1893s
  [14275/50000] 18.90 img/s ETA 1891s
  [14300/50000] 18.88 img/s ETA 1891s
  [14325/50000] 18.89 img/s ETA 1889s
  [14350/50000] 18.89 img/s ETA 1888s
  [14375/50000] 18.88 img/s ETA 1887s
  [14400/50000] 18.89 img/s ETA 1885s
  [14425/50000] 18.89 img/s ETA 1883s
  [14450/50000] 18.90 img/s ETA 1881s
  [14475/50000] 18.91 img/s ETA 1879s
  [14500/50000] 18.91 img/s ETA 1877s
  [14525/50000] 18.92 img/s ETA 1875s
  [14550/50000] 18.91 img/s ETA 1874s
  [14575/50000] 18.91 img/s ETA 1873s
  [14600/50000] 18.92 img/s ETA 1871s
  [14625/50000] 18.91 img/s ETA 1871s
  [14650/50000] 18.90 img/s ETA 1870s
  [14675/50000] 18.91 img/s ETA 1868s
  [14700/50000] 18.90 img/s ETA 1868s
  [14725/50000] 18.91 img/s ETA 1866s
  [14750/50000] 18.91 img/s ETA 1864s
  [14775/50000] 18.91 img/s ETA 1863s
  [14800/50000] 18.91 img/s ETA 1861s
  [14825/50000] 18.90 img/s ETA 1861s
  [14850/50000] 18.90 img/s ETA 1860s
  [14875/50000] 18.89 img/s ETA 1859s
  [14900/50000] 18.88 img/s ETA 1859s
  [14925/50000] 18.89 img/s ETA 1857s
  [14950/50000] 18.90 img/s ETA 1855s
  [14975/50000] 18.88 img/s ETA 1855s
  [15000/50000] 18.89 img/s ETA 1853s
  [15025/50000] 18.89 img/s ETA 1851s
  [15050/50000] 18.89 img/s ETA 1850s
  [15075/50000] 18.90 img/s ETA 1848s
  [15100/50000] 18.88 img/s ETA 1848s
  [15125/50000] 18.89 img/s ETA 1847s
  [15150/50000] 18.90 img/s ETA 1844s
  [15175/50000] 18.90 img/s ETA 1842s
  [15200/50000] 18.90 img/s ETA 1842s
  [15225/50000] 18.89 img/s ETA 1841s
  [15250/50000] 18.90 img/s ETA 1838s
  [15275/50000] 18.91 img/s ETA 1837s
  [15300/50000] 18.91 img/s ETA 1835s
  [15325/50000] 18.91 img/s ETA 1834s
  [15350/50000] 18.91 img/s ETA 1832s
  [15375/50000] 18.90 img/s ETA 1832s
  [15400/50000] 18.89 img/s ETA 1832s
  [15425/50000] 18.89 img/s ETA 1831s
  [15450/50000] 18.89 img/s ETA 1829s
  [15475/50000] 18.88 img/s ETA 1829s
  [15500/50000] 18.89 img/s ETA 1827s
  [15525/50000] 18.89 img/s ETA 1825s
  [15550/50000] 18.90 img/s ETA 1823s
  [15575/50000] 18.90 img/s ETA 1821s
  [15600/50000] 18.91 img/s ETA 1820s
  [15625/50000] 18.90 img/s ETA 1818s
  [15650/50000] 18.91 img/s ETA 1817s
  [15675/50000] 18.90 img/s ETA 1816s
  [15700/50000] 18.90 img/s ETA 1815s
  [15725/50000] 18.90 img/s ETA 1814s
  [15750/50000] 18.90 img/s ETA 1812s
  [15775/50000] 18.89 img/s ETA 1812s
  [15800/50000] 18.89 img/s ETA 1810s
  [15825/50000] 18.90 img/s ETA 1809s
  [15850/50000] 18.88 img/s ETA 1808s
  [15875/50000] 18.88 img/s ETA 1808s
  [15900/50000] 18.87 img/s ETA 1807s
  [15925/50000] 18.86 img/s ETA 1807s
  [15950/50000] 18.86 img/s ETA 1806s
  [15975/50000] 18.86 img/s ETA 1804s
  [16000/50000] 18.86 img/s ETA 1803s
  [16025/50000] 18.87 img/s ETA 1801s
  [16050/50000] 18.86 img/s ETA 1800s
  [16075/50000] 18.87 img/s ETA 1798s
  [16100/50000] 18.87 img/s ETA 1797s
  [16125/50000] 18.86 img/s ETA 1796s
  [16150/50000] 18.85 img/s ETA 1796s
  [16175/50000] 18.85 img/s ETA 1794s
  [16200/50000] 18.86 img/s ETA 1792s
  [16225/50000] 18.85 img/s ETA 1791s
  [16250/50000] 18.84 img/s ETA 1791s
  [16275/50000] 18.85 img/s ETA 1789s
  [16300/50000] 18.83 img/s ETA 1790s
  [16325/50000] 18.83 img/s ETA 1788s
  [16350/50000] 18.83 img/s ETA 1787s
  [16375/50000] 18.84 img/s ETA 1785s
  [16400/50000] 18.83 img/s ETA 1784s
  [16425/50000] 18.84 img/s ETA 1782s
  [16450/50000] 18.83 img/s ETA 1782s
  [16475/50000] 18.83 img/s ETA 1780s
  [16500/50000] 18.83 img/s ETA 1779s
  [16525/50000] 18.83 img/s ETA 1778s
  [16550/50000] 18.82 img/s ETA 1778s
  [16575/50000] 18.82 img/s ETA 1776s
  [16600/50000] 18.83 img/s ETA 1774s
  [16625/50000] 18.82 img/s ETA 1773s
  [16650/50000] 18.80 img/s ETA 1774s
  [16675/50000] 18.80 img/s ETA 1772s
  [16700/50000] 18.81 img/s ETA 1771s
  [16725/50000] 18.81 img/s ETA 1769s
  [16750/50000] 18.81 img/s ETA 1768s
  [16775/50000] 18.82 img/s ETA 1766s
  [16800/50000] 18.82 img/s ETA 1764s
  [16825/50000] 18.80 img/s ETA 1765s
  [16850/50000] 18.80 img/s ETA 1763s
  [16875/50000] 18.80 img/s ETA 1762s
  [16900/50000] 18.80 img/s ETA 1760s
  [16925/50000] 18.81 img/s ETA 1759s
  [16950/50000] 18.80 img/s ETA 1758s
  [16975/50000] 18.81 img/s ETA 1756s
  [17000/50000] 18.80 img/s ETA 1755s
  [17025/50000] 18.81 img/s ETA 1753s
  [17050/50000] 18.81 img/s ETA 1752s
  [17075/50000] 18.80 img/s ETA 1751s
  [17100/50000] 18.79 img/s ETA 1751s
  [17125/50000] 18.78 img/s ETA 1751s
  [17150/50000] 18.78 img/s ETA 1750s
  [17175/50000] 18.78 img/s ETA 1748s
  [17200/50000] 18.78 img/s ETA 1746s
  [17225/50000] 18.78 img/s ETA 1745s
  [17250/50000] 18.77 img/s ETA 1744s
  [17275/50000] 18.78 img/s ETA 1743s
  [17300/50000] 18.78 img/s ETA 1741s
  [17325/50000] 18.79 img/s ETA 1739s
  [17350/50000] 18.77 img/s ETA 1739s
  [17375/50000] 18.77 img/s ETA 1739s
  [17400/50000] 18.77 img/s ETA 1737s
  [17425/50000] 18.77 img/s ETA 1735s
  [17450/50000] 18.77 img/s ETA 1734s
  [17475/50000] 18.75 img/s ETA 1735s
  [17500/50000] 18.74 img/s ETA 1734s
  [17525/50000] 18.72 img/s ETA 1735s
  [17550/50000] 18.71 img/s ETA 1734s
  [17575/50000] 18.72 img/s ETA 1732s
  [17600/50000] 18.72 img/s ETA 1731s
  [17625/50000] 18.72 img/s ETA 1729s
  [17650/50000] 18.72 img/s ETA 1728s
  [17675/50000] 18.72 img/s ETA 1727s
  [17700/50000] 18.71 img/s ETA 1727s
  [17725/50000] 18.71 img/s ETA 1725s
  [17750/50000] 18.71 img/s ETA 1724s
  [17775/50000] 18.72 img/s ETA 1722s
  [17800/50000] 18.72 img/s ETA 1720s
  [17825/50000] 18.73 img/s ETA 1718s
  [17850/50000] 18.72 img/s ETA 1717s
  [17875/50000] 18.72 img/s ETA 1716s
  [17900/50000] 18.71 img/s ETA 1716s
  [17925/50000] 18.70 img/s ETA 1715s
  [17950/50000] 18.71 img/s ETA 1713s
  [17975/50000] 18.70 img/s ETA 1712s
  [18000/50000] 18.70 img/s ETA 1712s
  [18025/50000] 18.70 img/s ETA 1710s
  [18050/50000] 18.70 img/s ETA 1708s
  [18075/50000] 18.70 img/s ETA 1707s
  [18100/50000] 18.71 img/s ETA 1705s
  [18125/50000] 18.71 img/s ETA 1704s
  [18150/50000] 18.71 img/s ETA 1702s
  [18175/50000] 18.71 img/s ETA 1701s
  [18200/50000] 18.70 img/s ETA 1701s
  [18225/50000] 18.70 img/s ETA 1699s
  [18250/50000] 18.70 img/s ETA 1698s
  [18275/50000] 18.69 img/s ETA 1697s
  [18300/50000] 18.69 img/s ETA 1696s
  [18325/50000] 18.68 img/s ETA 1695s
  [18350/50000] 18.69 img/s ETA 1694s
  [18375/50000] 18.67 img/s ETA 1694s
  [18400/50000] 18.67 img/s ETA 1692s
  [18425/50000] 18.68 img/s ETA 1691s
  [18450/50000] 18.67 img/s ETA 1690s
  [18475/50000] 18.68 img/s ETA 1688s
  [18500/50000] 18.68 img/s ETA 1687s
  [18525/50000] 18.68 img/s ETA 1685s
  [18550/50000] 18.67 img/s ETA 1684s
  [18575/50000] 18.67 img/s ETA 1683s
  [18600/50000] 18.66 img/s ETA 1682s
  [18625/50000] 18.65 img/s ETA 1682s
  [18650/50000] 18.65 img/s ETA 1681s
  [18675/50000] 18.64 img/s ETA 1680s
  [18700/50000] 18.64 img/s ETA 1679s
  [18725/50000] 18.65 img/s ETA 1677s
  [18750/50000] 18.65 img/s ETA 1675s
  [18775/50000] 18.66 img/s ETA 1674s
  [18800/50000] 18.66 img/s ETA 1672s
  [18825/50000] 18.66 img/s ETA 1671s
  [18850/50000] 18.66 img/s ETA 1669s
  [18875/50000] 18.66 img/s ETA 1668s
  [18900/50000] 18.66 img/s ETA 1667s
  [18925/50000] 18.66 img/s ETA 1665s
  [18950/50000] 18.66 img/s ETA 1664s
  [18975/50000] 18.67 img/s ETA 1662s
  [19000/50000] 18.67 img/s ETA 1660s
  [19025/50000] 18.67 img/s ETA 1659s
  [19050/50000] 18.67 img/s ETA 1658s
  [19075/50000] 18.67 img/s ETA 1656s
  [19100/50000] 18.67 img/s ETA 1655s
  [19125/50000] 18.67 img/s ETA 1653s
  [19150/50000] 18.68 img/s ETA 1652s
  [19175/50000] 18.68 img/s ETA 1650s
  [19200/50000] 18.69 img/s ETA 1648s
  [19225/50000] 18.69 img/s ETA 1646s
  [19250/50000] 18.69 img/s ETA 1645s
  [19275/50000] 18.69 img/s ETA 1644s
  [19300/50000] 18.69 img/s ETA 1643s
  [19325/50000] 18.69 img/s ETA 1641s
  [19350/50000] 18.69 img/s ETA 1640s
  [19375/50000] 18.69 img/s ETA 1638s
  [19400/50000] 18.69 img/s ETA 1637s
  [19425/50000] 18.70 img/s ETA 1635s
  [19450/50000] 18.68 img/s ETA 1635s
  [19475/50000] 18.68 img/s ETA 1634s
  [19500/50000] 18.67 img/s ETA 1633s
  [19525/50000] 18.66 img/s ETA 1633s
  [19550/50000] 18.66 img/s ETA 1632s
  [19575/50000] 18.65 img/s ETA 1631s
  [19600/50000] 18.64 img/s ETA 1630s
  [19625/50000] 18.65 img/s ETA 1629s
  [19650/50000] 18.65 img/s ETA 1628s
  [19675/50000] 18.65 img/s ETA 1626s
  [19700/50000] 18.65 img/s ETA 1625s
  [19725/50000] 18.65 img/s ETA 1623s
  [19750/50000] 18.66 img/s ETA 1621s
  [19775/50000] 18.66 img/s ETA 1620s
  [19800/50000] 18.66 img/s ETA 1618s
  [19825/50000] 18.67 img/s ETA 1617s
  [19850/50000] 18.67 img/s ETA 1615s
  [19875/50000] 18.67 img/s ETA 1614s
  [19900/50000] 18.68 img/s ETA 1612s
  [19925/50000] 18.68 img/s ETA 1610s
  [19950/50000] 18.68 img/s ETA 1609s
  [19975/50000] 18.68 img/s ETA 1608s
  [20000/50000] 18.68 img/s ETA 1606s
  [20025/50000] 18.68 img/s ETA 1605s
  [20050/50000] 18.68 img/s ETA 1603s
  [20075/50000] 18.68 img/s ETA 1602s
  [20100/50000] 18.68 img/s ETA 1601s
  [20125/50000] 18.69 img/s ETA 1599s
  [20150/50000] 18.69 img/s ETA 1597s
  [20175/50000] 18.70 img/s ETA 1595s
  [20200/50000] 18.71 img/s ETA 1593s
  [20225/50000] 18.70 img/s ETA 1592s
  [20250/50000] 18.70 img/s ETA 1591s
  [20275/50000] 18.71 img/s ETA 1589s
  [20300/50000] 18.71 img/s ETA 1588s
  [20325/50000] 18.68 img/s ETA 1589s
  [20350/50000] 18.66 img/s ETA 1589s
  [20375/50000] 18.66 img/s ETA 1587s
  [20400/50000] 18.67 img/s ETA 1586s
  [20425/50000] 18.67 img/s ETA 1584s
  [20450/50000] 18.68 img/s ETA 1582s
  [20475/50000] 18.68 img/s ETA 1580s
  [20500/50000] 18.68 img/s ETA 1579s
  [20525/50000] 18.68 img/s ETA 1578s
  [20550/50000] 18.68 img/s ETA 1577s
  [20575/50000] 18.68 img/s ETA 1576s
  [20600/50000] 18.68 img/s ETA 1574s
  [20625/50000] 18.69 img/s ETA 1572s
  [20650/50000] 18.69 img/s ETA 1570s
  [20675/50000] 18.70 img/s ETA 1568s
  [20700/50000] 18.70 img/s ETA 1567s
  [20725/50000] 18.71 img/s ETA 1565s
  [20750/50000] 18.70 img/s ETA 1564s
  [20775/50000] 18.70 img/s ETA 1563s
  [20800/50000] 18.69 img/s ETA 1562s
  [20825/50000] 18.69 img/s ETA 1561s
  [20850/50000] 18.68 img/s ETA 1561s
  [20875/50000] 18.68 img/s ETA 1559s
  [20900/50000] 18.69 img/s ETA 1557s
  [20925/50000] 18.69 img/s ETA 1556s
  [20950/50000] 18.69 img/s ETA 1554s
  [20975/50000] 18.70 img/s ETA 1552s
  [21000/50000] 18.71 img/s ETA 1550s
  [21025/50000] 18.71 img/s ETA 1549s
  [21050/50000] 18.71 img/s ETA 1548s
  [21075/50000] 18.71 img/s ETA 1546s
  [21100/50000] 18.71 img/s ETA 1544s
  [21125/50000] 18.72 img/s ETA 1543s
  [21150/50000] 18.72 img/s ETA 1541s
  [21175/50000] 18.72 img/s ETA 1539s
  [21200/50000] 18.72 img/s ETA 1538s
  [21225/50000] 18.71 img/s ETA 1538s
  [21250/50000] 18.72 img/s ETA 1536s
  [21275/50000] 18.72 img/s ETA 1535s
  [21300/50000] 18.72 img/s ETA 1533s
  [21325/50000] 18.72 img/s ETA 1532s
  [21350/50000] 18.72 img/s ETA 1530s
  [21375/50000] 18.72 img/s ETA 1529s
  [21400/50000] 18.72 img/s ETA 1527s
  [21425/50000] 18.72 img/s ETA 1527s
  [21450/50000] 18.72 img/s ETA 1525s
  [21475/50000] 18.73 img/s ETA 1523s
  [21500/50000] 18.73 img/s ETA 1521s
  [21525/50000] 18.74 img/s ETA 1520s
  [21550/50000] 18.74 img/s ETA 1518s
  [21575/50000] 18.74 img/s ETA 1517s
  [21600/50000] 18.75 img/s ETA 1515s
  [21625/50000] 18.74 img/s ETA 1514s
  [21650/50000] 18.74 img/s ETA 1513s
  [21675/50000] 18.74 img/s ETA 1511s
  [21700/50000] 18.74 img/s ETA 1510s
  [21725/50000] 18.74 img/s ETA 1508s
  [21750/50000] 18.75 img/s ETA 1507s
  [21775/50000] 18.75 img/s ETA 1506s
  [21800/50000] 18.75 img/s ETA 1504s
  [21825/50000] 18.76 img/s ETA 1502s
  [21850/50000] 18.75 img/s ETA 1501s
  [21875/50000] 18.75 img/s ETA 1500s
  [21900/50000] 18.76 img/s ETA 1498s
  [21925/50000] 18.76 img/s ETA 1497s
  [21950/50000] 18.76 img/s ETA 1495s
  [21975/50000] 18.76 img/s ETA 1494s
  [22000/50000] 18.77 img/s ETA 1492s
  [22025/50000] 18.77 img/s ETA 1490s
  [22050/50000] 18.77 img/s ETA 1489s
  [22075/50000] 18.76 img/s ETA 1489s
  [22100/50000] 18.76 img/s ETA 1487s
  [22125/50000] 18.77 img/s ETA 1485s
  [22150/50000] 18.77 img/s ETA 1484s
  [22175/50000] 18.77 img/s ETA 1482s
  [22200/50000] 18.78 img/s ETA 1480s
  [22225/50000] 18.78 img/s ETA 1479s
  [22250/50000] 18.78 img/s ETA 1477s
  [22275/50000] 18.78 img/s ETA 1477s
  [22300/50000] 18.78 img/s ETA 1475s
  [22325/50000] 18.78 img/s ETA 1474s
  [22350/50000] 18.78 img/s ETA 1472s
  [22375/50000] 18.79 img/s ETA 1470s
  [22400/50000] 18.79 img/s ETA 1469s
  [22425/50000] 18.80 img/s ETA 1467s
  [22450/50000] 18.80 img/s ETA 1465s
  [22475/50000] 18.80 img/s ETA 1464s
  [22500/50000] 18.81 img/s ETA 1462s
  [22525/50000] 18.79 img/s ETA 1462s
  [22550/50000] 18.80 img/s ETA 1460s
  [22575/50000] 18.80 img/s ETA 1459s
  [22600/50000] 18.81 img/s ETA 1457s
  [22625/50000] 18.80 img/s ETA 1456s
  [22650/50000] 18.80 img/s ETA 1455s
  [22675/50000] 18.81 img/s ETA 1453s
  [22700/50000] 18.81 img/s ETA 1451s
  [22725/50000] 18.81 img/s ETA 1450s
  [22750/50000] 18.80 img/s ETA 1449s
  [22775/50000] 18.80 img/s ETA 1448s
  [22800/50000] 18.80 img/s ETA 1447s
  [22825/50000] 18.81 img/s ETA 1445s
  [22850/50000] 18.81 img/s ETA 1443s
  [22875/50000] 18.81 img/s ETA 1442s
  [22900/50000] 18.82 img/s ETA 1440s
  [22925/50000] 18.81 img/s ETA 1440s
  [22950/50000] 18.80 img/s ETA 1439s
  [22975/50000] 18.80 img/s ETA 1437s
  [23000/50000] 18.81 img/s ETA 1436s
  [23025/50000] 18.81 img/s ETA 1434s
  [23050/50000] 18.82 img/s ETA 1432s
  [23075/50000] 18.82 img/s ETA 1430s
  [23100/50000] 18.81 img/s ETA 1430s
  [23125/50000] 18.82 img/s ETA 1428s
  [23150/50000] 18.82 img/s ETA 1426s
  [23175/50000] 18.82 img/s ETA 1426s
  [23200/50000] 18.82 img/s ETA 1424s
  [23225/50000] 18.81 img/s ETA 1423s
  [23250/50000] 18.80 img/s ETA 1423s
  [23275/50000] 18.81 img/s ETA 1421s
  [23300/50000] 18.80 img/s ETA 1420s
  [23325/50000] 18.81 img/s ETA 1418s
  [23350/50000] 18.81 img/s ETA 1417s
  [23375/50000] 18.81 img/s ETA 1416s
  [23400/50000] 18.80 img/s ETA 1415s
  [23425/50000] 18.80 img/s ETA 1414s
  [23450/50000] 18.80 img/s ETA 1413s
  [23475/50000] 18.80 img/s ETA 1411s
  [23500/50000] 18.81 img/s ETA 1409s
  [23525/50000] 18.81 img/s ETA 1408s
  [23550/50000] 18.81 img/s ETA 1406s
  [23575/50000] 18.82 img/s ETA 1404s
  [23600/50000] 18.82 img/s ETA 1403s
  [23625/50000] 18.82 img/s ETA 1401s
  [23650/50000] 18.83 img/s ETA 1400s
  [23675/50000] 18.83 img/s ETA 1398s
  [23700/50000] 18.83 img/s ETA 1397s
  [23725/50000] 18.83 img/s ETA 1395s
  [23750/50000] 18.84 img/s ETA 1393s
  [23775/50000] 18.84 img/s ETA 1392s
  [23800/50000] 18.84 img/s ETA 1391s
  [23825/50000] 18.84 img/s ETA 1389s
  [23850/50000] 18.84 img/s ETA 1388s
  [23875/50000] 18.85 img/s ETA 1386s
  [23900/50000] 18.84 img/s ETA 1385s
  [23925/50000] 18.84 img/s ETA 1384s
  [23950/50000] 18.85 img/s ETA 1382s
  [23975/50000] 18.83 img/s ETA 1382s
  [24000/50000] 18.83 img/s ETA 1381s
  [24025/50000] 18.83 img/s ETA 1380s
  [24050/50000] 18.83 img/s ETA 1378s
  [24075/50000] 18.84 img/s ETA 1376s
  [24100/50000] 18.84 img/s ETA 1375s
  [24125/50000] 18.84 img/s ETA 1374s
  [24150/50000] 18.84 img/s ETA 1372s
  [24175/50000] 18.84 img/s ETA 1371s
  [24200/50000] 18.84 img/s ETA 1370s
  [24225/50000] 18.84 img/s ETA 1368s
  [24250/50000] 18.84 img/s ETA 1367s
  [24275/50000] 18.84 img/s ETA 1365s
  [24300/50000] 18.83 img/s ETA 1365s
  [24325/50000] 18.84 img/s ETA 1363s
  [24350/50000] 18.84 img/s ETA 1362s
  [24375/50000] 18.84 img/s ETA 1360s
  [24400/50000] 18.84 img/s ETA 1359s
  [24425/50000] 18.85 img/s ETA 1357s
  [24450/50000] 18.85 img/s ETA 1355s
  [24475/50000] 18.86 img/s ETA 1354s
  [24500/50000] 18.86 img/s ETA 1352s
  [24525/50000] 18.87 img/s ETA 1350s
  [24550/50000] 18.86 img/s ETA 1349s
  [24575/50000] 18.86 img/s ETA 1348s
  [24600/50000] 18.86 img/s ETA 1347s
  [24625/50000] 18.86 img/s ETA 1345s
  [24650/50000] 18.86 img/s ETA 1344s
  [24675/50000] 18.87 img/s ETA 1342s
  [24700/50000] 18.86 img/s ETA 1341s
  [24725/50000] 18.87 img/s ETA 1340s
  [24750/50000] 18.87 img/s ETA 1338s
  [24775/50000] 18.87 img/s ETA 1337s
  [24800/50000] 18.87 img/s ETA 1335s
  [24825/50000] 18.87 img/s ETA 1334s
  [24850/50000] 18.86 img/s ETA 1333s
  [24875/50000] 18.86 img/s ETA 1332s
  [24900/50000] 18.86 img/s ETA 1331s
  [24925/50000] 18.86 img/s ETA 1329s
  [24950/50000] 18.87 img/s ETA 1328s
  [24975/50000] 18.86 img/s ETA 1327s
  [25000/50000] 18.86 img/s ETA 1326s
  [25025/50000] 18.86 img/s ETA 1324s
  [25050/50000] 18.86 img/s ETA 1323s
  [25075/50000] 18.87 img/s ETA 1321s
  [25100/50000] 18.86 img/s ETA 1320s
  [25125/50000] 18.86 img/s ETA 1319s
  [25150/50000] 18.87 img/s ETA 1317s
  [25175/50000] 18.87 img/s ETA 1316s
  [25200/50000] 18.87 img/s ETA 1314s
  [25225/50000] 18.87 img/s ETA 1313s
  [25250/50000] 18.88 img/s ETA 1311s
  [25275/50000] 18.88 img/s ETA 1309s
  [25300/50000] 18.88 img/s ETA 1308s
  [25325/50000] 18.89 img/s ETA 1307s
  [25350/50000] 18.89 img/s ETA 1305s
  [25375/50000] 18.88 img/s ETA 1304s
  [25400/50000] 18.88 img/s ETA 1303s
  [25425/50000] 18.88 img/s ETA 1302s
  [25450/50000] 18.88 img/s ETA 1300s
  [25475/50000] 18.88 img/s ETA 1299s
  [25500/50000] 18.88 img/s ETA 1297s
  [25525/50000] 18.89 img/s ETA 1296s
  [25550/50000] 18.89 img/s ETA 1294s
  [25575/50000] 18.89 img/s ETA 1293s
  [25600/50000] 18.90 img/s ETA 1291s
  [25625/50000] 18.90 img/s ETA 1290s
  [25650/50000] 18.90 img/s ETA 1289s
  [25675/50000] 18.90 img/s ETA 1287s
  [25700/50000] 18.89 img/s ETA 1286s
  [25725/50000] 18.89 img/s ETA 1285s
  [25750/50000] 18.89 img/s ETA 1283s
  [25775/50000] 18.89 img/s ETA 1282s
  [25800/50000] 18.89 img/s ETA 1281s
  [25825/50000] 18.90 img/s ETA 1279s
  [25850/50000] 18.89 img/s ETA 1279s
  [25875/50000] 18.89 img/s ETA 1277s
  [25900/50000] 18.89 img/s ETA 1276s
  [25925/50000] 18.88 img/s ETA 1275s
  [25950/50000] 18.88 img/s ETA 1274s
  [25975/50000] 18.88 img/s ETA 1273s
  [26000/50000] 18.88 img/s ETA 1271s
  [26025/50000] 18.89 img/s ETA 1269s
  [26050/50000] 18.88 img/s ETA 1268s
  [26075/50000] 18.89 img/s ETA 1267s
  [26100/50000] 18.89 img/s ETA 1265s
  [26125/50000] 18.89 img/s ETA 1264s
  [26150/50000] 18.89 img/s ETA 1263s
  [26175/50000] 18.89 img/s ETA 1261s
  [26200/50000] 18.89 img/s ETA 1260s
  [26225/50000] 18.90 img/s ETA 1258s
  [26250/50000] 18.89 img/s ETA 1257s
  [26275/50000] 18.90 img/s ETA 1256s
  [26300/50000] 18.89 img/s ETA 1255s
  [26325/50000] 18.89 img/s ETA 1254s
  [26350/50000] 18.89 img/s ETA 1252s
  [26375/50000] 18.89 img/s ETA 1251s
  [26400/50000] 18.89 img/s ETA 1249s
  [26425/50000] 18.89 img/s ETA 1248s
  [26450/50000] 18.89 img/s ETA 1247s
  [26475/50000] 18.89 img/s ETA 1245s
  [26500/50000] 18.90 img/s ETA 1244s
  [26525/50000] 18.89 img/s ETA 1243s
  [26550/50000] 18.89 img/s ETA 1242s
  [26575/50000] 18.89 img/s ETA 1240s
  [26600/50000] 18.90 img/s ETA 1238s
  [26625/50000] 18.89 img/s ETA 1238s
  [26650/50000] 18.88 img/s ETA 1237s
  [26675/50000] 18.88 img/s ETA 1235s
  [26700/50000] 18.88 img/s ETA 1234s
  [26725/50000] 18.88 img/s ETA 1233s
  [26750/50000] 18.89 img/s ETA 1231s
  [26775/50000] 18.89 img/s ETA 1229s
  [26800/50000] 18.89 img/s ETA 1228s
  [26825/50000] 18.89 img/s ETA 1227s
  [26850/50000] 18.89 img/s ETA 1225s
  [26875/50000] 18.89 img/s ETA 1224s
  [26900/50000] 18.90 img/s ETA 1223s
  [26925/50000] 18.90 img/s ETA 1221s
  [26950/50000] 18.89 img/s ETA 1220s
  [26975/50000] 18.90 img/s ETA 1218s
  [27000/50000] 18.90 img/s ETA 1217s
  [27025/50000] 18.90 img/s ETA 1216s
  [27050/50000] 18.90 img/s ETA 1214s
  [27075/50000] 18.90 img/s ETA 1213s
  [27100/50000] 18.88 img/s ETA 1213s
  [27125/50000] 18.88 img/s ETA 1212s
  [27150/50000] 18.88 img/s ETA 1210s
  [27175/50000] 18.88 img/s ETA 1209s
  [27200/50000] 18.89 img/s ETA 1207s
  [27225/50000] 18.89 img/s ETA 1206s
  [27250/50000] 18.88 img/s ETA 1205s
  [27275/50000] 18.88 img/s ETA 1203s
  [27300/50000] 18.89 img/s ETA 1202s
  [27325/50000] 18.89 img/s ETA 1200s
  [27350/50000] 18.88 img/s ETA 1199s
  [27375/50000] 18.88 img/s ETA 1198s
  [27400/50000] 18.88 img/s ETA 1197s
  [27425/50000] 18.88 img/s ETA 1195s
  [27450/50000] 18.88 img/s ETA 1194s
  [27475/50000] 18.87 img/s ETA 1194s
  [27500/50000] 18.87 img/s ETA 1193s
  [27525/50000] 18.85 img/s ETA 1192s
  [27550/50000] 18.85 img/s ETA 1191s
  [27575/50000] 18.85 img/s ETA 1189s
  [27600/50000] 18.85 img/s ETA 1188s
  [27625/50000] 18.86 img/s ETA 1187s
  [27650/50000] 18.86 img/s ETA 1185s
  [27675/50000] 18.86 img/s ETA 1184s
  [27700/50000] 18.85 img/s ETA 1183s
  [27725/50000] 18.85 img/s ETA 1181s
  [27750/50000] 18.85 img/s ETA 1180s
  [27775/50000] 18.86 img/s ETA 1179s
  [27800/50000] 18.86 img/s ETA 1177s
  [27825/50000] 18.86 img/s ETA 1175s
  [27850/50000] 18.86 img/s ETA 1174s
  [27875/50000] 18.86 img/s ETA 1173s
  [27900/50000] 18.86 img/s ETA 1172s
  [27925/50000] 18.86 img/s ETA 1170s
  [27950/50000] 18.87 img/s ETA 1169s
  [27975/50000] 18.87 img/s ETA 1167s
  [28000/50000] 18.87 img/s ETA 1166s
  [28025/50000] 18.87 img/s ETA 1165s
  [28050/50000] 18.87 img/s ETA 1163s
  [28075/50000] 18.87 img/s ETA 1162s
  [28100/50000] 18.87 img/s ETA 1160s
  [28125/50000] 18.88 img/s ETA 1159s
  [28150/50000] 18.88 img/s ETA 1157s
  [28175/50000] 18.88 img/s ETA 1156s
  [28200/50000] 18.88 img/s ETA 1155s
  [28225/50000] 18.88 img/s ETA 1153s
  [28250/50000] 18.88 img/s ETA 1152s
  [28275/50000] 18.87 img/s ETA 1151s
  [28300/50000] 18.87 img/s ETA 1150s
  [28325/50000] 18.87 img/s ETA 1149s
  [28350/50000] 18.87 img/s ETA 1147s
  [28375/50000] 18.86 img/s ETA 1146s
  [28400/50000] 18.86 img/s ETA 1145s
  [28425/50000] 18.87 img/s ETA 1144s
  [28450/50000] 18.86 img/s ETA 1143s
  [28475/50000] 18.86 img/s ETA 1141s
  [28500/50000] 18.86 img/s ETA 1140s
  [28525/50000] 18.87 img/s ETA 1138s
  [28550/50000] 18.86 img/s ETA 1137s
  [28575/50000] 18.86 img/s ETA 1136s
  [28600/50000] 18.85 img/s ETA 1135s
  [28625/50000] 18.85 img/s ETA 1134s
  [28650/50000] 18.85 img/s ETA 1133s
  [28675/50000] 18.85 img/s ETA 1132s
  [28700/50000] 18.85 img/s ETA 1130s
  [28725/50000] 18.85 img/s ETA 1129s
  [28750/50000] 18.85 img/s ETA 1127s
  [28775/50000] 18.86 img/s ETA 1126s
  [28800/50000] 18.86 img/s ETA 1124s
  [28825/50000] 18.86 img/s ETA 1123s
  [28850/50000] 18.86 img/s ETA 1121s
  [28875/50000] 18.86 img/s ETA 1120s
  [28900/50000] 18.86 img/s ETA 1119s
  [28925/50000] 18.86 img/s ETA 1117s
  [28950/50000] 18.86 img/s ETA 1116s
  [28975/50000] 18.87 img/s ETA 1114s
  [29000/50000] 18.87 img/s ETA 1113s
  [29025/50000] 18.87 img/s ETA 1111s
  [29050/50000] 18.87 img/s ETA 1110s
  [29075/50000] 18.87 img/s ETA 1109s
  [29100/50000] 18.87 img/s ETA 1107s
  [29125/50000] 18.87 img/s ETA 1106s
  [29150/50000] 18.88 img/s ETA 1105s
  [29175/50000] 18.88 img/s ETA 1103s
  [29200/50000] 18.88 img/s ETA 1102s
  [29225/50000] 18.88 img/s ETA 1100s
  [29250/50000] 18.89 img/s ETA 1099s
  [29275/50000] 18.88 img/s ETA 1097s
  [29300/50000] 18.88 img/s ETA 1096s
  [29325/50000] 18.88 img/s ETA 1095s
  [29350/50000] 18.88 img/s ETA 1094s
  [29375/50000] 18.89 img/s ETA 1092s
  [29400/50000] 18.89 img/s ETA 1091s
  [29425/50000] 18.89 img/s ETA 1089s
  [29450/50000] 18.88 img/s ETA 1088s
  [29475/50000] 18.88 img/s ETA 1087s
  [29500/50000] 18.88 img/s ETA 1086s
  [29525/50000] 18.87 img/s ETA 1085s
  [29550/50000] 18.87 img/s ETA 1084s
  [29575/50000] 18.86 img/s ETA 1083s
  [29600/50000] 18.86 img/s ETA 1082s
  [29625/50000] 18.86 img/s ETA 1080s
  [29650/50000] 18.86 img/s ETA 1079s
  [29675/50000] 18.86 img/s ETA 1077s
  [29700/50000] 18.87 img/s ETA 1076s
  [29725/50000] 18.87 img/s ETA 1074s
  [29750/50000] 18.87 img/s ETA 1073s
  [29775/50000] 18.87 img/s ETA 1072s
  [29800/50000] 18.88 img/s ETA 1070s
  [29825/50000] 18.88 img/s ETA 1069s
  [29850/50000] 18.88 img/s ETA 1067s
  [29875/50000] 18.88 img/s ETA 1066s
  [29900/50000] 18.89 img/s ETA 1064s
  [29925/50000] 18.89 img/s ETA 1063s
  [29950/50000] 18.89 img/s ETA 1061s
  [29975/50000] 18.89 img/s ETA 1060s
  [30000/50000] 18.89 img/s ETA 1059s
  [30025/50000] 18.90 img/s ETA 1057s
  [30050/50000] 18.90 img/s ETA 1056s
  [30075/50000] 18.90 img/s ETA 1054s
  [30100/50000] 18.90 img/s ETA 1053s
  [30125/50000] 18.90 img/s ETA 1052s
  [30150/50000] 18.90 img/s ETA 1050s
  [30175/50000] 18.91 img/s ETA 1049s
  [30200/50000] 18.91 img/s ETA 1047s
  [30225/50000] 18.91 img/s ETA 1046s
  [30250/50000] 18.91 img/s ETA 1044s
  [30275/50000] 18.91 img/s ETA 1043s
  [30300/50000] 18.91 img/s ETA 1042s
  [30325/50000] 18.89 img/s ETA 1042s
  [30350/50000] 18.88 img/s ETA 1041s
  [30375/50000] 18.88 img/s ETA 1039s
  [30400/50000] 18.88 img/s ETA 1038s
  [30425/50000] 18.89 img/s ETA 1036s
  [30450/50000] 18.89 img/s ETA 1035s
  [30475/50000] 18.89 img/s ETA 1034s
  [30500/50000] 18.89 img/s ETA 1032s
  [30525/50000] 18.89 img/s ETA 1031s
  [30550/50000] 18.89 img/s ETA 1030s
  [30575/50000] 18.89 img/s ETA 1029s
  [30600/50000] 18.89 img/s ETA 1027s
  [30625/50000] 18.89 img/s ETA 1026s
  [30650/50000] 18.90 img/s ETA 1024s
  [30675/50000] 18.90 img/s ETA 1022s
  [30700/50000] 18.90 img/s ETA 1021s
  [30725/50000] 18.91 img/s ETA 1020s
  [30750/50000] 18.90 img/s ETA 1018s
  [30775/50000] 18.90 img/s ETA 1017s
  [30800/50000] 18.89 img/s ETA 1016s
  [30825/50000] 18.89 img/s ETA 1015s
  [30850/50000] 18.89 img/s ETA 1014s
  [30875/50000] 18.89 img/s ETA 1013s
  [30900/50000] 18.89 img/s ETA 1011s
  [30925/50000] 18.89 img/s ETA 1010s
  [30950/50000] 18.90 img/s ETA 1008s
  [30975/50000] 18.90 img/s ETA 1007s
  [31000/50000] 18.90 img/s ETA 1005s
  [31025/50000] 18.91 img/s ETA 1004s
  [31050/50000] 18.90 img/s ETA 1003s
  [31075/50000] 18.91 img/s ETA 1001s
  [31100/50000] 18.91 img/s ETA 1000s
  [31125/50000] 18.91 img/s ETA 998s
  [31150/50000] 18.91 img/s ETA 997s
  [31175/50000] 18.91 img/s ETA 995s
  [31200/50000] 18.91 img/s ETA 994s
  [31225/50000] 18.91 img/s ETA 993s
  [31250/50000] 18.91 img/s ETA 992s
  [31275/50000] 18.91 img/s ETA 990s
  [31300/50000] 18.91 img/s ETA 989s
  [31325/50000] 18.91 img/s ETA 988s
  [31350/50000] 18.91 img/s ETA 986s
  [31375/50000] 18.91 img/s ETA 985s
  [31400/50000] 18.91 img/s ETA 984s
  [31425/50000] 18.91 img/s ETA 983s
  [31450/50000] 18.91 img/s ETA 981s
  [31475/50000] 18.91 img/s ETA 980s
  [31500/50000] 18.91 img/s ETA 978s
  [31525/50000] 18.92 img/s ETA 977s
  [31550/50000] 18.92 img/s ETA 975s
  [31575/50000] 18.92 img/s ETA 974s
  [31600/50000] 18.93 img/s ETA 972s
  [31625/50000] 18.92 img/s ETA 971s
  [31650/50000] 18.92 img/s ETA 970s
  [31675/50000] 18.92 img/s ETA 969s
  [31700/50000] 18.92 img/s ETA 967s
  [31725/50000] 18.92 img/s ETA 966s
  [31750/50000] 18.93 img/s ETA 964s
  [31775/50000] 18.93 img/s ETA 963s
  [31800/50000] 18.93 img/s ETA 961s
  [31825/50000] 18.93 img/s ETA 960s
  [31850/50000] 18.93 img/s ETA 959s
  [31875/50000] 18.93 img/s ETA 958s
  [31900/50000] 18.93 img/s ETA 956s
  [31925/50000] 18.93 img/s ETA 955s
  [31950/50000] 18.93 img/s ETA 954s
  [31975/50000] 18.93 img/s ETA 952s
  [32000/50000] 18.93 img/s ETA 951s
  [32025/50000] 18.94 img/s ETA 949s
  [32050/50000] 18.93 img/s ETA 948s
  [32075/50000] 18.93 img/s ETA 947s
  [32100/50000] 18.93 img/s ETA 946s
  [32125/50000] 18.93 img/s ETA 944s
  [32150/50000] 18.94 img/s ETA 943s
  [32175/50000] 18.94 img/s ETA 941s
  [32200/50000] 18.94 img/s ETA 940s
  [32225/50000] 18.94 img/s ETA 938s
  [32250/50000] 18.94 img/s ETA 937s
  [32275/50000] 18.94 img/s ETA 936s
  [32300/50000] 18.94 img/s ETA 935s
  [32325/50000] 18.94 img/s ETA 933s
  [32350/50000] 18.95 img/s ETA 932s
  [32375/50000] 18.95 img/s ETA 930s
  [32400/50000] 18.95 img/s ETA 929s
  [32425/50000] 18.95 img/s ETA 927s
  [32450/50000] 18.96 img/s ETA 926s
  [32475/50000] 18.96 img/s ETA 924s
  [32500/50000] 18.96 img/s ETA 923s
  [32525/50000] 18.95 img/s ETA 922s
  [32550/50000] 18.95 img/s ETA 921s
  [32575/50000] 18.96 img/s ETA 919s
  [32600/50000] 18.96 img/s ETA 918s
  [32625/50000] 18.95 img/s ETA 917s
  [32650/50000] 18.96 img/s ETA 915s
  [32675/50000] 18.96 img/s ETA 914s
  [32700/50000] 18.96 img/s ETA 912s
  [32725/50000] 18.96 img/s ETA 911s
  [32750/50000] 18.95 img/s ETA 910s
  [32775/50000] 18.95 img/s ETA 909s
  [32800/50000] 18.95 img/s ETA 907s
  [32825/50000] 18.95 img/s ETA 906s
  [32850/50000] 18.96 img/s ETA 905s
  [32875/50000] 18.96 img/s ETA 903s
  [32900/50000] 18.96 img/s ETA 902s
  [32925/50000] 18.95 img/s ETA 901s
  [32950/50000] 18.95 img/s ETA 900s
  [32975/50000] 18.95 img/s ETA 898s
  [33000/50000] 18.95 img/s ETA 897s
  [33025/50000] 18.95 img/s ETA 896s
  [33050/50000] 18.96 img/s ETA 894s
  [33075/50000] 18.96 img/s ETA 893s
  [33100/50000] 18.96 img/s ETA 892s
  [33125/50000] 18.96 img/s ETA 890s
  [33150/50000] 18.96 img/s ETA 889s
  [33175/50000] 18.96 img/s ETA 888s
  [33200/50000] 18.96 img/s ETA 886s
  [33225/50000] 18.95 img/s ETA 885s
  [33250/50000] 18.95 img/s ETA 884s
  [33275/50000] 18.95 img/s ETA 883s
  [33300/50000] 18.94 img/s ETA 882s
  [33325/50000] 18.94 img/s ETA 880s
  [33350/50000] 18.95 img/s ETA 879s
  [33375/50000] 18.94 img/s ETA 878s
  [33400/50000] 18.94 img/s ETA 876s
  [33425/50000] 18.93 img/s ETA 875s
  [33450/50000] 18.93 img/s ETA 874s
  [33475/50000] 18.93 img/s ETA 873s
  [33500/50000] 18.93 img/s ETA 871s
  [33525/50000] 18.94 img/s ETA 870s
  [33550/50000] 18.94 img/s ETA 869s
  [33575/50000] 18.94 img/s ETA 867s
  [33600/50000] 18.94 img/s ETA 866s
  [33625/50000] 18.94 img/s ETA 864s
  [33650/50000] 18.95 img/s ETA 863s
  [33675/50000] 18.95 img/s ETA 862s
  [33700/50000] 18.95 img/s ETA 860s
  [33725/50000] 18.95 img/s ETA 859s
  [33750/50000] 18.96 img/s ETA 857s
  [33775/50000] 18.96 img/s ETA 856s
  [33800/50000] 18.95 img/s ETA 855s
  [33825/50000] 18.95 img/s ETA 854s
  [33850/50000] 18.95 img/s ETA 852s
  [33875/50000] 18.96 img/s ETA 851s
  [33900/50000] 18.95 img/s ETA 850s
  [33925/50000] 18.95 img/s ETA 848s
  [33950/50000] 18.96 img/s ETA 847s
  [33975/50000] 18.95 img/s ETA 846s
  [34000/50000] 18.95 img/s ETA 845s
  [34025/50000] 18.94 img/s ETA 843s
  [34050/50000] 18.94 img/s ETA 842s
  [34075/50000] 18.95 img/s ETA 841s
  [34100/50000] 18.94 img/s ETA 839s
  [34125/50000] 18.94 img/s ETA 838s
  [34150/50000] 18.95 img/s ETA 837s
  [34175/50000] 18.94 img/s ETA 835s
  [34200/50000] 18.94 img/s ETA 834s
  [34225/50000] 18.94 img/s ETA 833s
  [34250/50000] 18.94 img/s ETA 831s
  [34275/50000] 18.95 img/s ETA 830s
  [34300/50000] 18.94 img/s ETA 829s
  [34325/50000] 18.94 img/s ETA 828s
  [34350/50000] 18.94 img/s ETA 826s
  [34375/50000] 18.94 img/s ETA 825s
  [34400/50000] 18.94 img/s ETA 824s
  [34425/50000] 18.95 img/s ETA 822s
  [34450/50000] 18.95 img/s ETA 821s
  [34475/50000] 18.95 img/s ETA 819s
  [34500/50000] 18.95 img/s ETA 818s
  [34525/50000] 18.96 img/s ETA 816s
  [34550/50000] 18.96 img/s ETA 815s
  [34575/50000] 18.96 img/s ETA 814s
  [34600/50000] 18.96 img/s ETA 812s
  [34625/50000] 18.96 img/s ETA 811s
  [34650/50000] 18.96 img/s ETA 810s
  [34675/50000] 18.96 img/s ETA 808s
  [34700/50000] 18.96 img/s ETA 807s
  [34725/50000] 18.96 img/s ETA 806s
  [34750/50000] 18.96 img/s ETA 804s
  [34775/50000] 18.96 img/s ETA 803s
  [34800/50000] 18.96 img/s ETA 802s
  [34825/50000] 18.96 img/s ETA 800s
  [34850/50000] 18.95 img/s ETA 799s
  [34875/50000] 18.95 img/s ETA 798s
  [34900/50000] 18.95 img/s ETA 797s
  [34925/50000] 18.95 img/s ETA 795s
  [34950/50000] 18.96 img/s ETA 794s
  [34975/50000] 18.95 img/s ETA 793s
  [35000/50000] 18.95 img/s ETA 792s
  [35025/50000] 18.95 img/s ETA 790s
  [35050/50000] 18.95 img/s ETA 789s
  [35075/50000] 18.96 img/s ETA 787s
  [35100/50000] 18.95 img/s ETA 786s
  [35125/50000] 18.95 img/s ETA 785s
  [35150/50000] 18.95 img/s ETA 783s
  [35175/50000] 18.96 img/s ETA 782s
  [35200/50000] 18.96 img/s ETA 781s
  [35225/50000] 18.95 img/s ETA 780s
  [35250/50000] 18.96 img/s ETA 778s
  [35275/50000] 18.96 img/s ETA 777s
  [35300/50000] 18.96 img/s ETA 775s
  [35325/50000] 18.96 img/s ETA 774s
  [35350/50000] 18.96 img/s ETA 773s
  [35375/50000] 18.96 img/s ETA 771s
  [35400/50000] 18.96 img/s ETA 770s
  [35425/50000] 18.96 img/s ETA 769s
  [35450/50000] 18.96 img/s ETA 767s
  [35475/50000] 18.96 img/s ETA 766s
  [35500/50000] 18.96 img/s ETA 765s
  [35525/50000] 18.96 img/s ETA 763s
  [35550/50000] 18.96 img/s ETA 762s
  [35575/50000] 18.96 img/s ETA 761s
  [35600/50000] 18.97 img/s ETA 759s
  [35625/50000] 18.96 img/s ETA 758s
  [35650/50000] 18.97 img/s ETA 757s
  [35675/50000] 18.97 img/s ETA 755s
  [35700/50000] 18.96 img/s ETA 754s
  [35725/50000] 18.96 img/s ETA 753s
  [35750/50000] 18.96 img/s ETA 751s
  [35775/50000] 18.96 img/s ETA 750s
  [35800/50000] 18.96 img/s ETA 749s
  [35825/50000] 18.96 img/s ETA 747s
  [35850/50000] 18.96 img/s ETA 746s
  [35875/50000] 18.96 img/s ETA 745s
  [35900/50000] 18.96 img/s ETA 744s
  [35925/50000] 18.95 img/s ETA 743s
  [35950/50000] 18.95 img/s ETA 741s
  [35975/50000] 18.95 img/s ETA 740s
  [36000/50000] 18.95 img/s ETA 739s
  [36025/50000] 18.96 img/s ETA 737s
  [36050/50000] 18.95 img/s ETA 736s
  [36075/50000] 18.95 img/s ETA 735s
  [36100/50000] 18.95 img/s ETA 733s
  [36125/50000] 18.95 img/s ETA 732s
  [36150/50000] 18.95 img/s ETA 731s
  [36175/50000] 18.95 img/s ETA 729s
  [36200/50000] 18.95 img/s ETA 728s
  [36225/50000] 18.96 img/s ETA 727s
  [36250/50000] 18.95 img/s ETA 726s
  [36275/50000] 18.95 img/s ETA 724s
  [36300/50000] 18.95 img/s ETA 723s
  [36325/50000] 18.95 img/s ETA 722s
  [36350/50000] 18.95 img/s ETA 720s
  [36375/50000] 18.95 img/s ETA 719s
  [36400/50000] 18.95 img/s ETA 718s
  [36425/50000] 18.95 img/s ETA 716s
  [36450/50000] 18.94 img/s ETA 715s
  [36475/50000] 18.94 img/s ETA 714s
  [36500/50000] 18.94 img/s ETA 713s
  [36525/50000] 18.94 img/s ETA 711s
  [36550/50000] 18.94 img/s ETA 710s
  [36575/50000] 18.94 img/s ETA 709s
  [36600/50000] 18.94 img/s ETA 707s
  [36625/50000] 18.94 img/s ETA 706s
  [36650/50000] 18.93 img/s ETA 705s
  [36675/50000] 18.93 img/s ETA 704s
  [36700/50000] 18.93 img/s ETA 702s
  [36725/50000] 18.93 img/s ETA 701s
  [36750/50000] 18.93 img/s ETA 700s
  [36775/50000] 18.94 img/s ETA 698s
  [36800/50000] 18.94 img/s ETA 697s
  [36825/50000] 18.93 img/s ETA 696s
  [36850/50000] 18.93 img/s ETA 695s
  [36875/50000] 18.93 img/s ETA 693s
  [36900/50000] 18.94 img/s ETA 692s
  [36925/50000] 18.94 img/s ETA 690s
  [36950/50000] 18.94 img/s ETA 689s
  [36975/50000] 18.94 img/s ETA 688s
  [37000/50000] 18.93 img/s ETA 687s
  [37025/50000] 18.94 img/s ETA 685s
  [37050/50000] 18.94 img/s ETA 684s
  [37075/50000] 18.93 img/s ETA 683s
  [37100/50000] 18.92 img/s ETA 682s
  [37125/50000] 18.92 img/s ETA 681s
  [37150/50000] 18.92 img/s ETA 679s
  [37175/50000] 18.92 img/s ETA 678s
  [37200/50000] 18.92 img/s ETA 676s
  [37225/50000] 18.92 img/s ETA 675s
  [37250/50000] 18.92 img/s ETA 674s
  [37275/50000] 18.92 img/s ETA 672s
  [37300/50000] 18.93 img/s ETA 671s
  [37325/50000] 18.93 img/s ETA 670s
  [37350/50000] 18.92 img/s ETA 669s
  [37375/50000] 18.92 img/s ETA 667s
  [37400/50000] 18.92 img/s ETA 666s
  [37425/50000] 18.92 img/s ETA 665s
  [37450/50000] 18.92 img/s ETA 663s
  [37475/50000] 18.92 img/s ETA 662s
  [37500/50000] 18.91 img/s ETA 661s
  [37525/50000] 18.90 img/s ETA 660s
  [37550/50000] 18.90 img/s ETA 659s
  [37575/50000] 18.90 img/s ETA 657s
  [37600/50000] 18.90 img/s ETA 656s
  [37625/50000] 18.90 img/s ETA 655s
  [37650/50000] 18.90 img/s ETA 654s
  [37675/50000] 18.90 img/s ETA 652s
  [37700/50000] 18.89 img/s ETA 651s
  [37725/50000] 18.89 img/s ETA 650s
  [37750/50000] 18.89 img/s ETA 648s
  [37775/50000] 18.89 img/s ETA 647s
  [37800/50000] 18.90 img/s ETA 646s
  [37825/50000] 18.90 img/s ETA 644s
  [37850/50000] 18.90 img/s ETA 643s
  [37875/50000] 18.90 img/s ETA 642s
  [37900/50000] 18.89 img/s ETA 640s
  [37925/50000] 18.90 img/s ETA 639s
  [37950/50000] 18.90 img/s ETA 638s
  [37975/50000] 18.89 img/s ETA 636s
  [38000/50000] 18.89 img/s ETA 635s
  [38025/50000] 18.90 img/s ETA 634s
  [38050/50000] 18.90 img/s ETA 632s
  [38075/50000] 18.90 img/s ETA 631s
  [38100/50000] 18.90 img/s ETA 630s
  [38125/50000] 18.90 img/s ETA 628s
  [38150/50000] 18.90 img/s ETA 627s
  [38175/50000] 18.90 img/s ETA 626s
  [38200/50000] 18.90 img/s ETA 624s
  [38225/50000] 18.90 img/s ETA 623s
  [38250/50000] 18.90 img/s ETA 622s
  [38275/50000] 18.89 img/s ETA 621s
  [38300/50000] 18.90 img/s ETA 619s
  [38325/50000] 18.89 img/s ETA 618s
  [38350/50000] 18.89 img/s ETA 617s
  [38375/50000] 18.89 img/s ETA 616s
  [38400/50000] 18.89 img/s ETA 614s
  [38425/50000] 18.89 img/s ETA 613s
  [38450/50000] 18.88 img/s ETA 612s
  [38475/50000] 18.89 img/s ETA 610s
  [38500/50000] 18.88 img/s ETA 609s
  [38525/50000] 18.89 img/s ETA 608s
  [38550/50000] 18.88 img/s ETA 606s
  [38575/50000] 18.88 img/s ETA 605s
  [38600/50000] 18.88 img/s ETA 604s
  [38625/50000] 18.87 img/s ETA 603s
  [38650/50000] 18.87 img/s ETA 602s
  [38675/50000] 18.86 img/s ETA 600s
  [38700/50000] 18.87 img/s ETA 599s
  [38725/50000] 18.87 img/s ETA 598s
  [38750/50000] 18.87 img/s ETA 596s
  [38775/50000] 18.87 img/s ETA 595s
  [38800/50000] 18.87 img/s ETA 593s
  [38825/50000] 18.87 img/s ETA 592s
  [38850/50000] 18.88 img/s ETA 591s
  [38875/50000] 18.87 img/s ETA 589s
  [38900/50000] 18.87 img/s ETA 588s
  [38925/50000] 18.88 img/s ETA 587s
  [38950/50000] 18.88 img/s ETA 585s
  [38975/50000] 18.88 img/s ETA 584s
  [39000/50000] 18.88 img/s ETA 583s
  [39025/50000] 18.88 img/s ETA 581s
  [39050/50000] 18.88 img/s ETA 580s
  [39075/50000] 18.88 img/s ETA 579s
  [39100/50000] 18.88 img/s ETA 577s
  [39125/50000] 18.88 img/s ETA 576s
  [39150/50000] 18.89 img/s ETA 575s
  [39175/50000] 18.89 img/s ETA 573s
  [39200/50000] 18.89 img/s ETA 572s
  [39225/50000] 18.89 img/s ETA 570s
  [39250/50000] 18.89 img/s ETA 569s
  [39275/50000] 18.89 img/s ETA 568s
  [39300/50000] 18.89 img/s ETA 566s
  [39325/50000] 18.89 img/s ETA 565s
  [39350/50000] 18.89 img/s ETA 564s
  [39375/50000] 18.89 img/s ETA 562s
  [39400/50000] 18.89 img/s ETA 561s
  [39425/50000] 18.89 img/s ETA 560s
  [39450/50000] 18.89 img/s ETA 559s
  [39475/50000] 18.88 img/s ETA 557s
  [39500/50000] 18.88 img/s ETA 556s
  [39525/50000] 18.87 img/s ETA 555s
  [39550/50000] 18.87 img/s ETA 554s
  [39575/50000] 18.87 img/s ETA 553s
  [39600/50000] 18.87 img/s ETA 551s
  [39625/50000] 18.87 img/s ETA 550s
  [39650/50000] 18.87 img/s ETA 549s
  [39675/50000] 18.87 img/s ETA 547s
  [39700/50000] 18.87 img/s ETA 546s
  [39725/50000] 18.87 img/s ETA 544s
  [39750/50000] 18.87 img/s ETA 543s
  [39775/50000] 18.87 img/s ETA 542s
  [39800/50000] 18.88 img/s ETA 540s
  [39825/50000] 18.88 img/s ETA 539s
  [39850/50000] 18.88 img/s ETA 538s
  [39875/50000] 18.88 img/s ETA 536s
  [39900/50000] 18.88 img/s ETA 535s
  [39925/50000] 18.88 img/s ETA 534s
  [39950/50000] 18.88 img/s ETA 532s
  [39975/50000] 18.89 img/s ETA 531s
  [40000/50000] 18.89 img/s ETA 529s
  [40025/50000] 18.89 img/s ETA 528s
  [40050/50000] 18.89 img/s ETA 527s
  [40075/50000] 18.89 img/s ETA 525s
  [40100/50000] 18.89 img/s ETA 524s
  [40125/50000] 18.89 img/s ETA 523s
  [40150/50000] 18.89 img/s ETA 521s
  [40175/50000] 18.90 img/s ETA 520s
  [40200/50000] 18.90 img/s ETA 519s
  [40225/50000] 18.90 img/s ETA 517s
  [40250/50000] 18.90 img/s ETA 516s
  [40275/50000] 18.90 img/s ETA 515s
  [40300/50000] 18.90 img/s ETA 513s
  [40325/50000] 18.89 img/s ETA 512s
  [40350/50000] 18.88 img/s ETA 511s
  [40375/50000] 18.88 img/s ETA 510s
  [40400/50000] 18.88 img/s ETA 509s
  [40425/50000] 18.88 img/s ETA 507s
  [40450/50000] 18.88 img/s ETA 506s
  [40475/50000] 18.88 img/s ETA 505s
  [40500/50000] 18.88 img/s ETA 503s
  [40525/50000] 18.88 img/s ETA 502s
  [40550/50000] 18.88 img/s ETA 501s
  [40575/50000] 18.87 img/s ETA 499s
  [40600/50000] 18.88 img/s ETA 498s
  [40625/50000] 18.88 img/s ETA 497s
  [40650/50000] 18.88 img/s ETA 495s
  [40675/50000] 18.89 img/s ETA 494s
  [40700/50000] 18.88 img/s ETA 492s
  [40725/50000] 18.89 img/s ETA 491s
  [40750/50000] 18.88 img/s ETA 490s
  [40775/50000] 18.88 img/s ETA 489s
  [40800/50000] 18.87 img/s ETA 488s
  [40825/50000] 18.87 img/s ETA 486s
  [40850/50000] 18.86 img/s ETA 485s
  [40875/50000] 18.86 img/s ETA 484s
  [40900/50000] 18.86 img/s ETA 482s
  [40925/50000] 18.86 img/s ETA 481s
  [40950/50000] 18.87 img/s ETA 480s
  [40975/50000] 18.87 img/s ETA 478s
  [41000/50000] 18.87 img/s ETA 477s
  [41025/50000] 18.88 img/s ETA 475s
  [41050/50000] 18.87 img/s ETA 474s
  [41075/50000] 18.88 img/s ETA 473s
  [41100/50000] 18.87 img/s ETA 472s
  [41125/50000] 18.87 img/s ETA 470s
  [41150/50000] 18.88 img/s ETA 469s
  [41175/50000] 18.88 img/s ETA 467s
  [41200/50000] 18.88 img/s ETA 466s
  [41225/50000] 18.87 img/s ETA 465s
  [41250/50000] 18.87 img/s ETA 464s
  [41275/50000] 18.87 img/s ETA 462s
  [41300/50000] 18.87 img/s ETA 461s
  [41325/50000] 18.87 img/s ETA 460s
  [41350/50000] 18.88 img/s ETA 458s
  [41375/50000] 18.88 img/s ETA 457s
  [41400/50000] 18.87 img/s ETA 456s
  [41425/50000] 18.87 img/s ETA 454s
  [41450/50000] 18.87 img/s ETA 453s
  [41475/50000] 18.87 img/s ETA 452s
  [41500/50000] 18.88 img/s ETA 450s
  [41525/50000] 18.88 img/s ETA 449s
  [41550/50000] 18.88 img/s ETA 448s
  [41575/50000] 18.88 img/s ETA 446s
  [41600/50000] 18.88 img/s ETA 445s
  [41625/50000] 18.88 img/s ETA 444s
  [41650/50000] 18.88 img/s ETA 442s
  [41675/50000] 18.88 img/s ETA 441s
  [41700/50000] 18.88 img/s ETA 440s
  [41725/50000] 18.88 img/s ETA 438s
  [41750/50000] 18.88 img/s ETA 437s
  [41775/50000] 18.88 img/s ETA 436s
  [41800/50000] 18.89 img/s ETA 434s
  [41825/50000] 18.89 img/s ETA 433s
  [41850/50000] 18.88 img/s ETA 432s
  [41875/50000] 18.89 img/s ETA 430s
  [41900/50000] 18.89 img/s ETA 429s
  [41925/50000] 18.88 img/s ETA 428s
  [41950/50000] 18.88 img/s ETA 426s
  [41975/50000] 18.89 img/s ETA 425s
  [42000/50000] 18.89 img/s ETA 424s
  [42025/50000] 18.89 img/s ETA 422s
  [42050/50000] 18.89 img/s ETA 421s
  [42075/50000] 18.88 img/s ETA 420s
  [42100/50000] 18.88 img/s ETA 418s
  [42125/50000] 18.88 img/s ETA 417s
  [42150/50000] 18.89 img/s ETA 416s
  [42175/50000] 18.89 img/s ETA 414s
  [42200/50000] 18.89 img/s ETA 413s
  [42225/50000] 18.89 img/s ETA 412s
  [42250/50000] 18.89 img/s ETA 410s
  [42275/50000] 18.89 img/s ETA 409s
  [42300/50000] 18.89 img/s ETA 408s
  [42325/50000] 18.88 img/s ETA 406s
  [42350/50000] 18.89 img/s ETA 405s
  [42375/50000] 18.89 img/s ETA 404s
  [42400/50000] 18.89 img/s ETA 402s
  [42425/50000] 18.89 img/s ETA 401s
  [42450/50000] 18.90 img/s ETA 400s
  [42475/50000] 18.90 img/s ETA 398s
  [42500/50000] 18.90 img/s ETA 397s
  [42525/50000] 18.89 img/s ETA 396s
  [42550/50000] 18.89 img/s ETA 394s
  [42575/50000] 18.90 img/s ETA 393s
  [42600/50000] 18.90 img/s ETA 392s
  [42625/50000] 18.89 img/s ETA 390s
  [42650/50000] 18.89 img/s ETA 389s
  [42675/50000] 18.90 img/s ETA 388s
  [42700/50000] 18.90 img/s ETA 386s
  [42725/50000] 18.90 img/s ETA 385s
  [42750/50000] 18.89 img/s ETA 384s
  [42775/50000] 18.89 img/s ETA 382s
  [42800/50000] 18.89 img/s ETA 381s
  [42825/50000] 18.89 img/s ETA 380s
  [42850/50000] 18.89 img/s ETA 378s
  [42875/50000] 18.89 img/s ETA 377s
  [42900/50000] 18.90 img/s ETA 376s
  [42925/50000] 18.89 img/s ETA 375s
  [42950/50000] 18.89 img/s ETA 373s
  [42975/50000] 18.89 img/s ETA 372s
  [43000/50000] 18.89 img/s ETA 371s
  [43025/50000] 18.89 img/s ETA 369s
  [43050/50000] 18.89 img/s ETA 368s
  [43075/50000] 18.90 img/s ETA 366s
  [43100/50000] 18.89 img/s ETA 365s
  [43125/50000] 18.89 img/s ETA 364s
  [43150/50000] 18.89 img/s ETA 363s
  [43175/50000] 18.89 img/s ETA 361s
  [43200/50000] 18.89 img/s ETA 360s
  [43225/50000] 18.88 img/s ETA 359s
  [43250/50000] 18.88 img/s ETA 358s
  [43275/50000] 18.88 img/s ETA 356s
  [43300/50000] 18.88 img/s ETA 355s
  [43325/50000] 18.88 img/s ETA 354s
  [43350/50000] 18.88 img/s ETA 352s
  [43375/50000] 18.88 img/s ETA 351s
  [43400/50000] 18.87 img/s ETA 350s
  [43425/50000] 18.87 img/s ETA 348s
  [43450/50000] 18.87 img/s ETA 347s
  [43475/50000] 18.87 img/s ETA 346s
  [43500/50000] 18.87 img/s ETA 344s
  [43525/50000] 18.87 img/s ETA 343s
  [43550/50000] 18.88 img/s ETA 342s
  [43575/50000] 18.87 img/s ETA 340s
  [43600/50000] 18.88 img/s ETA 339s
  [43625/50000] 18.88 img/s ETA 338s
  [43650/50000] 18.88 img/s ETA 336s
  [43675/50000] 18.88 img/s ETA 335s
  [43700/50000] 18.88 img/s ETA 334s
  [43725/50000] 18.88 img/s ETA 332s
  [43750/50000] 18.88 img/s ETA 331s
  [43775/50000] 18.88 img/s ETA 330s
  [43800/50000] 18.88 img/s ETA 328s
  [43825/50000] 18.88 img/s ETA 327s
  [43850/50000] 18.88 img/s ETA 326s
  [43875/50000] 18.88 img/s ETA 324s
  [43900/50000] 18.88 img/s ETA 323s
  [43925/50000] 18.88 img/s ETA 322s
  [43950/50000] 18.88 img/s ETA 320s
  [43975/50000] 18.87 img/s ETA 319s
  [44000/50000] 18.87 img/s ETA 318s
  [44025/50000] 18.87 img/s ETA 317s
  [44050/50000] 18.87 img/s ETA 315s
  [44075/50000] 18.88 img/s ETA 314s
  [44100/50000] 18.87 img/s ETA 313s
  [44125/50000] 18.87 img/s ETA 311s
  [44150/50000] 18.88 img/s ETA 310s
  [44175/50000] 18.87 img/s ETA 309s
  [44200/50000] 18.87 img/s ETA 307s
  [44225/50000] 18.87 img/s ETA 306s
  [44250/50000] 18.87 img/s ETA 305s
  [44275/50000] 18.88 img/s ETA 303s
  [44300/50000] 18.87 img/s ETA 302s
  [44325/50000] 18.87 img/s ETA 301s
  [44350/50000] 18.87 img/s ETA 299s
  [44375/50000] 18.87 img/s ETA 298s
  [44400/50000] 18.87 img/s ETA 297s
  [44425/50000] 18.88 img/s ETA 295s
  [44450/50000] 18.88 img/s ETA 294s
  [44475/50000] 18.88 img/s ETA 293s
  [44500/50000] 18.88 img/s ETA 291s
  [44525/50000] 18.89 img/s ETA 290s
  [44550/50000] 18.88 img/s ETA 289s
  [44575/50000] 18.88 img/s ETA 287s
  [44600/50000] 18.88 img/s ETA 286s
  [44625/50000] 18.88 img/s ETA 285s
  [44650/50000] 18.88 img/s ETA 283s
  [44675/50000] 18.89 img/s ETA 282s
  [44700/50000] 18.88 img/s ETA 281s
  [44725/50000] 18.88 img/s ETA 279s
  [44750/50000] 18.88 img/s ETA 278s
  [44775/50000] 18.88 img/s ETA 277s
  [44800/50000] 18.88 img/s ETA 275s
  [44825/50000] 18.88 img/s ETA 274s
  [44850/50000] 18.88 img/s ETA 273s
  [44875/50000] 18.87 img/s ETA 272s
  [44900/50000] 18.87 img/s ETA 270s
  [44925/50000] 18.87 img/s ETA 269s
  [44950/50000] 18.88 img/s ETA 268s
  [44975/50000] 18.87 img/s ETA 266s
  [45000/50000] 18.87 img/s ETA 265s
  [45025/50000] 18.87 img/s ETA 264s
  [45050/50000] 18.87 img/s ETA 262s
  [45075/50000] 18.87 img/s ETA 261s
  [45100/50000] 18.87 img/s ETA 260s
  [45125/50000] 18.87 img/s ETA 258s
  [45150/50000] 18.87 img/s ETA 257s
  [45175/50000] 18.87 img/s ETA 256s
  [45200/50000] 18.88 img/s ETA 254s
  [45225/50000] 18.87 img/s ETA 253s
  [45250/50000] 18.88 img/s ETA 252s
  [45275/50000] 18.88 img/s ETA 250s
  [45300/50000] 18.88 img/s ETA 249s
  [45325/50000] 18.87 img/s ETA 248s
  [45350/50000] 18.87 img/s ETA 246s
  [45375/50000] 18.87 img/s ETA 245s
  [45400/50000] 18.87 img/s ETA 244s
  [45425/50000] 18.87 img/s ETA 242s
  [45450/50000] 18.87 img/s ETA 241s
  [45475/50000] 18.87 img/s ETA 240s
  [45500/50000] 18.87 img/s ETA 238s
  [45525/50000] 18.87 img/s ETA 237s
  [45550/50000] 18.87 img/s ETA 236s
  [45575/50000] 18.87 img/s ETA 234s
  [45600/50000] 18.87 img/s ETA 233s
  [45625/50000] 18.87 img/s ETA 232s
  [45650/50000] 18.87 img/s ETA 231s
  [45675/50000] 18.87 img/s ETA 229s
  [45700/50000] 18.86 img/s ETA 228s
  [45725/50000] 18.86 img/s ETA 227s
  [45750/50000] 18.86 img/s ETA 225s
  [45775/50000] 18.86 img/s ETA 224s
  [45800/50000] 18.86 img/s ETA 223s
  [45825/50000] 18.86 img/s ETA 221s
  [45850/50000] 18.86 img/s ETA 220s
  [45875/50000] 18.86 img/s ETA 219s
  [45900/50000] 18.85 img/s ETA 217s
  [45925/50000] 18.85 img/s ETA 216s
  [45950/50000] 18.85 img/s ETA 215s
  [45975/50000] 18.85 img/s ETA 214s
  [46000/50000] 18.85 img/s ETA 212s
  [46025/50000] 18.85 img/s ETA 211s
  [46050/50000] 18.85 img/s ETA 210s
  [46075/50000] 18.85 img/s ETA 208s
  [46100/50000] 18.85 img/s ETA 207s
  [46125/50000] 18.85 img/s ETA 206s
  [46150/50000] 18.85 img/s ETA 204s
  [46175/50000] 18.85 img/s ETA 203s
  [46200/50000] 18.85 img/s ETA 202s
  [46225/50000] 18.85 img/s ETA 200s
  [46250/50000] 18.85 img/s ETA 199s
  [46275/50000] 18.85 img/s ETA 198s
  [46300/50000] 18.84 img/s ETA 196s
  [46325/50000] 18.84 img/s ETA 195s
  [46350/50000] 18.84 img/s ETA 194s
  [46375/50000] 18.84 img/s ETA 192s
  [46400/50000] 18.84 img/s ETA 191s
  [46425/50000] 18.85 img/s ETA 190s
  [46450/50000] 18.84 img/s ETA 188s
  [46475/50000] 18.84 img/s ETA 187s
  [46500/50000] 18.84 img/s ETA 186s
  [46525/50000] 18.84 img/s ETA 184s
  [46550/50000] 18.84 img/s ETA 183s
  [46575/50000] 18.84 img/s ETA 182s
  [46600/50000] 18.84 img/s ETA 180s
  [46625/50000] 18.84 img/s ETA 179s
  [46650/50000] 18.83 img/s ETA 178s
  [46675/50000] 18.83 img/s ETA 177s
  [46700/50000] 18.83 img/s ETA 175s
  [46725/50000] 18.83 img/s ETA 174s
  [46750/50000] 18.83 img/s ETA 173s
  [46775/50000] 18.83 img/s ETA 171s
  [46800/50000] 18.83 img/s ETA 170s
  [46825/50000] 18.83 img/s ETA 169s
  [46850/50000] 18.83 img/s ETA 167s
  [46875/50000] 18.83 img/s ETA 166s
  [46900/50000] 18.83 img/s ETA 165s
  [46925/50000] 18.83 img/s ETA 163s
  [46950/50000] 18.83 img/s ETA 162s
  [46975/50000] 18.83 img/s ETA 161s
  [47000/50000] 18.83 img/s ETA 159s
  [47025/50000] 18.83 img/s ETA 158s
  [47050/50000] 18.83 img/s ETA 157s
  [47075/50000] 18.83 img/s ETA 155s
  [47100/50000] 18.82 img/s ETA 154s
  [47125/50000] 18.82 img/s ETA 153s
  [47150/50000] 18.82 img/s ETA 151s
  [47175/50000] 18.82 img/s ETA 150s
  [47200/50000] 18.83 img/s ETA 149s
  [47225/50000] 18.82 img/s ETA 147s
  [47250/50000] 18.82 img/s ETA 146s
  [47275/50000] 18.82 img/s ETA 145s
  [47300/50000] 18.83 img/s ETA 143s
  [47325/50000] 18.83 img/s ETA 142s
  [47350/50000] 18.82 img/s ETA 141s
  [47375/50000] 18.82 img/s ETA 139s
  [47400/50000] 18.82 img/s ETA 138s
  [47425/50000] 18.82 img/s ETA 137s
  [47450/50000] 18.82 img/s ETA 136s
  [47475/50000] 18.81 img/s ETA 134s
  [47500/50000] 18.81 img/s ETA 133s
  [47525/50000] 18.80 img/s ETA 132s
  [47550/50000] 18.80 img/s ETA 130s
  [47575/50000] 18.80 img/s ETA 129s
  [47600/50000] 18.80 img/s ETA 128s
  [47625/50000] 18.80 img/s ETA 126s
  [47650/50000] 18.80 img/s ETA 125s
  [47675/50000] 18.80 img/s ETA 124s
  [47700/50000] 18.80 img/s ETA 122s
  [47725/50000] 18.80 img/s ETA 121s
  [47750/50000] 18.80 img/s ETA 120s
  [47775/50000] 18.80 img/s ETA 118s
  [47800/50000] 18.80 img/s ETA 117s
  [47825/50000] 18.80 img/s ETA 116s
  [47850/50000] 18.80 img/s ETA 114s
  [47875/50000] 18.80 img/s ETA 113s
  [47900/50000] 18.80 img/s ETA 112s
  [47925/50000] 18.80 img/s ETA 110s
  [47950/50000] 18.81 img/s ETA 109s
  [47975/50000] 18.81 img/s ETA 108s
  [48000/50000] 18.80 img/s ETA 106s
  [48025/50000] 18.81 img/s ETA 105s
  [48050/50000] 18.81 img/s ETA 104s
  [48075/50000] 18.81 img/s ETA 102s
  [48100/50000] 18.81 img/s ETA 101s
  [48125/50000] 18.81 img/s ETA 100s
  [48150/50000] 18.81 img/s ETA 98s
  [48175/50000] 18.81 img/s ETA 97s
  [48200/50000] 18.81 img/s ETA 96s
  [48225/50000] 18.81 img/s ETA 94s
  [48250/50000] 18.81 img/s ETA 93s
  [48275/50000] 18.80 img/s ETA 92s
  [48300/50000] 18.81 img/s ETA 90s
  [48325/50000] 18.80 img/s ETA 89s
  [48350/50000] 18.80 img/s ETA 88s
  [48375/50000] 18.80 img/s ETA 86s
  [48400/50000] 18.80 img/s ETA 85s
  [48425/50000] 18.80 img/s ETA 84s
  [48450/50000] 18.80 img/s ETA 82s
  [48475/50000] 18.80 img/s ETA 81s
  [48500/50000] 18.80 img/s ETA 80s
  [48525/50000] 18.80 img/s ETA 78s
  [48550/50000] 18.80 img/s ETA 77s
  [48575/50000] 18.80 img/s ETA 76s
  [48600/50000] 18.79 img/s ETA 75s
  [48625/50000] 18.78 img/s ETA 73s
  [48650/50000] 18.78 img/s ETA 72s
  [48675/50000] 18.78 img/s ETA 71s
  [48700/50000] 18.78 img/s ETA 69s
  [48725/50000] 18.78 img/s ETA 68s
  [48750/50000] 18.78 img/s ETA 67s
  [48775/50000] 18.78 img/s ETA 65s
  [48800/50000] 18.78 img/s ETA 64s
  [48825/50000] 18.79 img/s ETA 63s
  [48850/50000] 18.79 img/s ETA 61s
  [48875/50000] 18.79 img/s ETA 60s
  [48900/50000] 18.79 img/s ETA 59s
  [48925/50000] 18.79 img/s ETA 57s
  [48950/50000] 18.79 img/s ETA 56s
  [48975/50000] 18.79 img/s ETA 55s
  [49000/50000] 18.79 img/s ETA 53s
  [49025/50000] 18.79 img/s ETA 52s
  [49050/50000] 18.79 img/s ETA 51s
  [49075/50000] 18.79 img/s ETA 49s
  [49100/50000] 18.79 img/s ETA 48s
  [49125/50000] 18.79 img/s ETA 47s
  [49150/50000] 18.79 img/s ETA 45s
  [49175/50000] 18.79 img/s ETA 44s
  [49200/50000] 18.80 img/s ETA 43s
  [49225/50000] 18.80 img/s ETA 41s
  [49250/50000] 18.80 img/s ETA 40s
  [49275/50000] 18.80 img/s ETA 39s
  [49300/50000] 18.79 img/s ETA 37s
  [49325/50000] 18.79 img/s ETA 36s
  [49350/50000] 18.79 img/s ETA 35s
  [49375/50000] 18.80 img/s ETA 33s
  [49400/50000] 18.80 img/s ETA 32s
  [49425/50000] 18.80 img/s ETA 31s
  [49450/50000] 18.79 img/s ETA 29s
  [49475/50000] 18.79 img/s ETA 28s
  [49500/50000] 18.79 img/s ETA 27s
  [49525/50000] 18.78 img/s ETA 25s
  [49550/50000] 18.78 img/s ETA 24s
  [49575/50000] 18.77 img/s ETA 23s
  [49600/50000] 18.77 img/s ETA 21s
  [49625/50000] 18.77 img/s ETA 20s
  [49650/50000] 18.77 img/s ETA 19s
  [49675/50000] 18.77 img/s ETA 17s
  [49700/50000] 18.78 img/s ETA 16s
  [49725/50000] 18.78 img/s ETA 15s
  [49750/50000] 18.78 img/s ETA 13s
  [49775/50000] 18.78 img/s ETA 12s
  [49800/50000] 18.78 img/s ETA 11s
  [49825/50000] 18.78 img/s ETA 9s
  [49850/50000] 18.78 img/s ETA 8s
  [49875/50000] 18.78 img/s ETA 7s
  [49900/50000] 18.79 img/s ETA 5s
  [49925/50000] 18.78 img/s ETA 4s
  [49950/50000] 18.79 img/s ETA 3s
  [49975/50000] 18.79 img/s ETA 1s
  [50000/50000] 18.79 img/s ETA 0s

=== cache summary ===
  processed: 50000
  failed: 0
  skipped (already cached): 0
  total in dataset: 50000
  elapsed: 2663s
  rate: 18.77 img/s
