[pivot] active baselines: ['pure-cnn']
[pivot] using official FF++ splits/<name>.json
[pivot] frames: train=36000 val=7000 test=7000

--- Baseline 1: pure CNN ---
[baseline-cnn] training on device=cuda for 20 epochs
[baseline-cnn] no checkpoint at runs/baseline_3ch_faces/baseline_run/checkpoint.pt — starting fresh
  [profile] batch0: img(mean=0.381 std=0.237) label_mean=0.500 (=fake fraction; ~0.5 means WRS works) logits(mean=0.120 std=0.226 range=[-0.035,0.776])
  [profile] batch0 post-backward: |grad|=6.5349 zero-grad-tensors=0/213 loss=0.6751
    step  100: loss=0.6894 logit(mean=-0.123 std=0.267) |grad|=1.000 running_acc=0.511
    step  200: loss=0.7072 logit(mean=-0.094 std=0.154) |grad|=1.000 running_acc=0.504
    step  300: loss=0.7223 logit(mean=+0.013 std=0.323) |grad|=1.000 running_acc=0.496
    step  400: loss=0.8224 logit(mean=-0.197 std=0.712) |grad|=1.000 running_acc=0.497
    step  500: loss=0.6361 logit(mean=-0.143 std=0.278) |grad|=1.000 running_acc=0.495
    step  600: loss=0.6375 logit(mean=+0.115 std=0.314) |grad|=1.000 running_acc=0.498
    step  700: loss=0.7026 logit(mean=+0.033 std=0.263) |grad|=1.000 running_acc=0.501
    step  800: loss=0.6602 logit(mean=+0.003 std=0.269) |grad|=1.000 running_acc=0.505
    step  900: loss=0.6673 logit(mean=-0.004 std=0.354) |grad|=1.000 running_acc=0.505
    step 1000: loss=0.7646 logit(mean=-0.153 std=0.378) |grad|=1.000 running_acc=0.507
    step 1100: loss=0.6869 logit(mean=-0.129 std=0.388) |grad|=1.000 running_acc=0.508
    step 1200: loss=0.7432 logit(mean=-0.091 std=0.496) |grad|=1.000 running_acc=0.508
    step 1300: loss=0.7316 logit(mean=-0.050 std=0.259) |grad|=1.000 running_acc=0.508
    step 1400: loss=0.7156 logit(mean=-0.130 std=0.519) |grad|=1.000 running_acc=0.509
    step 1500: loss=0.7002 logit(mean=+0.068 std=0.172) |grad|=1.000 running_acc=0.511
    step 1600: loss=0.6582 logit(mean=-0.102 std=0.520) |grad|=1.000 running_acc=0.513
    step 1700: loss=0.6782 logit(mean=+0.014 std=0.190) |grad|=1.000 running_acc=0.515
    step 1800: loss=0.7077 logit(mean=+0.056 std=0.238) |grad|=1.000 running_acc=0.515
    step 1900: loss=0.7070 logit(mean=+0.094 std=0.167) |grad|=1.000 running_acc=0.515
    step 2000: loss=0.6591 logit(mean=+0.078 std=0.227) |grad|=0.736 running_acc=0.516
    step 2100: loss=0.7311 logit(mean=-0.068 std=0.337) |grad|=1.000 running_acc=0.518
    step 2200: loss=0.6160 logit(mean=-0.048 std=0.485) |grad|=1.000 running_acc=0.519
Traceback (most recent call last):
  File "/root/deepfake-detection-v2/scripts/pivot_study.py", line 552, in <module>
    raise SystemExit(main())
                     ^^^^^^
  File "/root/deepfake-detection-v2/scripts/pivot_study.py", line 500, in main
    report["baselines"]["pure_cnn"] = _run_baseline_cnn(
                                      ^^^^^^^^^^^^^^^^^^
  File "/root/deepfake-detection-v2/scripts/pivot_study.py", line 165, in _run_baseline_cnn
    out = train_baseline_cnn(
          ^^^^^^^^^^^^^^^^^^^
  File "/root/deepfake-detection-v2/python/forge_detect/baseline_cnn.py", line 600, in train_baseline_cnn
    val_metrics = _epoch_pass(
                  ^^^^^^^^^^^^
  File "/root/deepfake-detection-v2/python/forge_detect/baseline_cnn.py", line 314, in _epoch_pass
    for images, labels in loader:
  File "/root/deepfake-detection-v2/.venv/lib/python3.12/site-packages/torch/utils/data/dataloader.py", line 701, in __next__
    data = self._next_data()
           ^^^^^^^^^^^^^^^^^
  File "/root/deepfake-detection-v2/.venv/lib/python3.12/site-packages/torch/utils/data/dataloader.py", line 1465, in _next_data
    return self._process_data(data)
           ^^^^^^^^^^^^^^^^^^^^^^^^
  File "/root/deepfake-detection-v2/.venv/lib/python3.12/site-packages/torch/utils/data/dataloader.py", line 1491, in _process_data
    data.reraise()
  File "/root/deepfake-detection-v2/.venv/lib/python3.12/site-packages/torch/_utils.py", line 715, in reraise
    raise exception
PIL.UnidentifiedImageError: Caught UnidentifiedImageError in DataLoader worker process 1.
Original Traceback (most recent call last):
  File "/root/deepfake-detection-v2/.venv/lib/python3.12/site-packages/torch/utils/data/_utils/worker.py", line 351, in _worker_loop
    data = fetcher.fetch(index)  # type: ignore[possibly-undefined]
           ^^^^^^^^^^^^^^^^^^^^
  File "/root/deepfake-detection-v2/.venv/lib/python3.12/site-packages/torch/utils/data/_utils/fetch.py", line 52, in fetch
    data = [self.dataset[idx] for idx in possibly_batched_index]
            ~~~~~~~~~~~~^^^^^
  File "/root/deepfake-detection-v2/python/forge_detect/datasets.py", line 405, in __getitem__
    arr = load_image_chw(rec.image_path, self.target_size)
          ^^^^^^^^^^^^^^^^^^^^^^^^^^^^^^^^^^^^^^^^^^^^^^^^
  File "/root/deepfake-detection-v2/python/forge_detect/datasets.py", line 173, in load_image_chw
    img = Image.open(path).convert("RGB")
          ^^^^^^^^^^^^^^^^
  File "/root/deepfake-detection-v2/.venv/lib/python3.12/site-packages/PIL/Image.py", line 3711, in open
    raise UnidentifiedImageError(msg)
PIL.UnidentifiedImageError: cannot identify image file '/root/data/FaceForensics++/manipulated_sequences/FaceSwap/c23/frames_faces/566_617/0049.png'

