[pivot] active baselines: ['pure-cnn']
[pivot] using official FF++ splits/<name>.json
[pivot] frames: train=36000 val=7000 test=7000

--- Baseline 1: pure CNN ---
[baseline-cnn] training on device=cuda for 20 epochs
[baseline-cnn] no checkpoint at runs/baseline_3ch_faces/baseline_run/checkpoint.pt — starting fresh
  [profile] batch0: img(mean=0.371 std=0.242) label_mean=0.562 (=fake fraction; ~0.5 means WRS works) logits(mean=0.004 std=0.188 range=[-0.202,0.675])
  [profile] batch0 post-backward: |grad|=5.2300 zero-grad-tensors=0/213 loss=0.6815
    step  100: loss=0.7734 logit(mean=-0.121 std=0.780) |grad|=1.000 running_acc=0.520
    step  200: loss=0.7028 logit(mean=-0.089 std=0.382) |grad|=1.000 running_acc=0.511
    step  300: loss=0.7928 logit(mean=-0.060 std=0.528) |grad|=1.000 running_acc=0.507
    step  400: loss=0.7666 logit(mean=+0.038 std=0.461) |grad|=1.000 running_acc=0.506
    step  500: loss=0.6807 logit(mean=-0.028 std=0.432) |grad|=1.000 running_acc=0.508
    step  600: loss=0.6958 logit(mean=-0.001 std=0.090) |grad|=1.000 running_acc=0.505
    step  700: loss=0.7014 logit(mean=-0.086 std=0.192) |grad|=1.000 running_acc=0.504
    step  800: loss=0.7181 logit(mean=+0.081 std=0.205) |grad|=1.000 running_acc=0.504
    step  900: loss=0.6104 logit(mean=-0.007 std=0.296) |grad|=1.000 running_acc=0.505
    step 1000: loss=0.6917 logit(mean=+0.073 std=0.201) |grad|=0.773 running_acc=0.506
    step 1100: loss=0.5868 logit(mean=+0.054 std=0.607) |grad|=1.000 running_acc=0.508
    step 1200: loss=0.7164 logit(mean=-0.022 std=0.385) |grad|=1.000 running_acc=0.508
    step 1300: loss=0.7222 logit(mean=+0.013 std=0.448) |grad|=1.000 running_acc=0.508
    step 1400: loss=0.6845 logit(mean=+0.096 std=0.270) |grad|=1.000 running_acc=0.508
    step 1500: loss=0.7273 logit(mean=+0.037 std=0.180) |grad|=1.000 running_acc=0.509
    step 1600: loss=0.7563 logit(mean=+0.039 std=0.318) |grad|=1.000 running_acc=0.510
    step 1700: loss=0.7152 logit(mean=+0.076 std=0.220) |grad|=1.000 running_acc=0.513
    step 1800: loss=0.7234 logit(mean=-0.020 std=0.447) |grad|=1.000 running_acc=0.514
    step 1900: loss=0.7175 logit(mean=+0.002 std=0.283) |grad|=1.000 running_acc=0.516
    step 2000: loss=0.6308 logit(mean=+0.038 std=0.318) |grad|=0.963 running_acc=0.516
    step 2100: loss=0.6918 logit(mean=+0.029 std=0.373) |grad|=1.000 running_acc=0.518
    step 2200: loss=0.7185 logit(mean=+0.045 std=0.213) |grad|=1.000 running_acc=0.519
Traceback (most recent call last):
  File "/root/deepfake-detection-v2/scripts/pivot_study.py", line 552, in <module>
    raise SystemExit(main())
                     ^^^^^^
  File "/root/deepfake-detection-v2/scripts/pivot_study.py", line 500, in main
    report["baselines"]["pure_cnn"] = _run_baseline_cnn(
                                      ^^^^^^^^^^^^^^^^^^
  File "/root/deepfake-detection-v2/scripts/pivot_study.py", line 165, in _run_baseline_cnn
    out = train_baseline_cnn(
          ^^^^^^^^^^^^^^^^^^^
  File "/root/deepfake-detection-v2/python/forge_detect/baseline_cnn.py", line 600, in train_baseline_cnn
    val_metrics = _epoch_pass(
                  ^^^^^^^^^^^^
  File "/root/deepfake-detection-v2/python/forge_detect/baseline_cnn.py", line 314, in _epoch_pass
    for images, labels in loader:
  File "/root/deepfake-detection-v2/.venv/lib/python3.12/site-packages/torch/utils/data/dataloader.py", line 701, in __next__
    data = self._next_data()
           ^^^^^^^^^^^^^^^^^
  File "/root/deepfake-detection-v2/.venv/lib/python3.12/site-packages/torch/utils/data/dataloader.py", line 1465, in _next_data
    return self._process_data(data)
           ^^^^^^^^^^^^^^^^^^^^^^^^
  File "/root/deepfake-detection-v2/.venv/lib/python3.12/site-packages/torch/utils/data/dataloader.py", line 1491, in _process_data
    data.reraise()
  File "/root/deepfake-detection-v2/.venv/lib/python3.12/site-packages/torch/_utils.py", line 715, in reraise
    raise exception
PIL.UnidentifiedImageError: Caught UnidentifiedImageError in DataLoader worker process 1.
Original Traceback (most recent call last):
  File "/root/deepfake-detection-v2/.venv/lib/python3.12/site-packages/torch/utils/data/_utils/worker.py", line 351, in _worker_loop
    data = fetcher.fetch(index)  # type: ignore[possibly-undefined]
           ^^^^^^^^^^^^^^^^^^^^
  File "/root/deepfake-detection-v2/.venv/lib/python3.12/site-packages/torch/utils/data/_utils/fetch.py", line 52, in fetch
    data = [self.dataset[idx] for idx in possibly_batched_index]
            ~~~~~~~~~~~~^^^^^
  File "/root/deepfake-detection-v2/python/forge_detect/datasets.py", line 405, in __getitem__
    arr = load_image_chw(rec.image_path, self.target_size)
          ^^^^^^^^^^^^^^^^^^^^^^^^^^^^^^^^^^^^^^^^^^^^^^^^
  File "/root/deepfake-detection-v2/python/forge_detect/datasets.py", line 173, in load_image_chw
    img = Image.open(path).convert("RGB")
          ^^^^^^^^^^^^^^^^
  File "/root/deepfake-detection-v2/.venv/lib/python3.12/site-packages/PIL/Image.py", line 3711, in open
    raise UnidentifiedImageError(msg)
PIL.UnidentifiedImageError: cannot identify image file '/root/data/FaceForensics++/manipulated_sequences/FaceSwap/c23/frames_faces/566_617/0049.png'

